----------------------------------------
19/11/2010 6:39:34 PM	Module active

----------------------------------------
----------------------------------------
19/11/2010 6:39:41 PM	Over pressure alarm

----------------------------------------
----------------------------------------
19/11/2010 6:39:49 PM	Module active

----------------------------------------
----------------------------------------
19/11/2010 6:40:09 PM	Dual sensors error

----------------------------------------
----------------------------------------
19/11/2010 6:40:20 PM	Module active

----------------------------------------
----------------------------------------
22/11/2010 1:22:34 PM	Module active

----------------------------------------
----------------------------------------
23/11/2010 3:18:26 PM	Module active

----------------------------------------
----------------------------------------
23/11/2010 3:18:32 PM	Over pressure alarm

----------------------------------------
----------------------------------------
23/11/2010 3:18:40 PM	Module active

----------------------------------------
----------------------------------------
23/11/2010 3:28:41 PM	Module active

----------------------------------------
----------------------------------------
23/11/2010 3:31:49 PM	Module active

----------------------------------------
----------------------------------------
23/11/2010 3:43:09 PM	Module active

----------------------------------------
----------------------------------------
23/11/2010 3:43:16 PM	Over pressure alarm

----------------------------------------
----------------------------------------
23/11/2010 3:43:24 PM	Module active

----------------------------------------
----------------------------------------
24/11/2010 3:25:56 PM	Module active

----------------------------------------
----------------------------------------
24/11/2010 3:26:03 PM	Over pressure alarm

----------------------------------------
----------------------------------------
24/11/2010 3:26:11 PM	Module active

----------------------------------------
----------------------------------------
24/11/2010 3:26:30 PM	Dual sensors error

----------------------------------------
----------------------------------------
24/11/2010 3:26:42 PM	Module active

----------------------------------------
----------------------------------------
24/11/2010 3:29:00 PM	Module active

----------------------------------------
----------------------------------------
24/11/2010 3:29:07 PM	Over pressure alarm

----------------------------------------
----------------------------------------
24/11/2010 3:29:14 PM	Module active

----------------------------------------
----------------------------------------
24/11/2010 6:04:09 PM	Module active

----------------------------------------
----------------------------------------
24/11/2010 6:04:16 PM	Over pressure alarm

----------------------------------------
----------------------------------------
24/11/2010 6:08:51 PM	Module active

----------------------------------------
----------------------------------------
24/11/2010 6:08:58 PM	Over pressure alarm

----------------------------------------
----------------------------------------
24/11/2010 6:09:05 PM	Module active

----------------------------------------
----------------------------------------
24/11/2010 6:09:25 PM	Dual sensors error

----------------------------------------
----------------------------------------
24/11/2010 6:09:37 PM	Module active

----------------------------------------
----------------------------------------
24/11/2010 6:10:04 PM	Over pressure alarm

----------------------------------------
----------------------------------------
24/11/2010 6:10:12 PM	Module active

----------------------------------------
----------------------------------------
24/11/2010 6:10:32 PM	Dual sensors error

----------------------------------------
----------------------------------------
24/11/2010 6:10:44 PM	Module active

----------------------------------------
----------------------------------------
24/11/2010 6:11:11 PM	Over pressure alarm

----------------------------------------
----------------------------------------
24/11/2010 6:11:19 PM	Module active

----------------------------------------
----------------------------------------
24/11/2010 6:11:39 PM	Dual sensors error

----------------------------------------
----------------------------------------
24/11/2010 6:11:51 PM	Module active

----------------------------------------
----------------------------------------
24/11/2010 6:11:58 PM	Dual sensors error

----------------------------------------
----------------------------------------
24/11/2010 6:16:28 PM	Dual sensors error

----------------------------------------
----------------------------------------
24/11/2010 6:16:34 PM	Dual sensors error

----------------------------------------
----------------------------------------
24/11/2010 6:20:31 PM	Dual sensors error

----------------------------------------
----------------------------------------
24/11/2010 6:20:36 PM	Dual sensors error

----------------------------------------
----------------------------------------
24/11/2010 6:23:25 PM	Dual sensors error

----------------------------------------
----------------------------------------
24/11/2010 6:24:08 PM	Dual sensors error

----------------------------------------
----------------------------------------
24/11/2010 6:28:01 PM	Dual sensors error

----------------------------------------
----------------------------------------
24/11/2010 6:28:30 PM	Dual sensors error

----------------------------------------
----------------------------------------
24/11/2010 6:30:32 PM	Module active

----------------------------------------
----------------------------------------
24/11/2010 6:30:44 PM	Over pressure alarm

----------------------------------------
----------------------------------------
24/11/2010 6:30:52 PM	Module active

----------------------------------------
----------------------------------------
24/11/2010 6:31:11 PM	Dual sensors error

----------------------------------------
----------------------------------------
24/11/2010 6:31:23 PM	Module active

----------------------------------------
----------------------------------------
25/11/2010 10:24:15 AM	Dual sensors error

----------------------------------------
----------------------------------------
25/11/2010 10:24:17 AM	Dual sensors error

----------------------------------------
----------------------------------------
25/11/2010 10:24:24 AM	Module active

----------------------------------------
----------------------------------------
25/11/2010 10:24:32 AM	Over pressure alarm

----------------------------------------
----------------------------------------
25/11/2010 10:24:40 AM	Module active

----------------------------------------
----------------------------------------
25/11/2010 10:24:59 AM	Dual sensors error

----------------------------------------
----------------------------------------
25/11/2010 10:29:17 AM	Dual sensors error

----------------------------------------
----------------------------------------
25/11/2010 10:29:25 AM	Dual sensors error

----------------------------------------
----------------------------------------
25/11/2010 10:29:28 AM	Module active

----------------------------------------
----------------------------------------
25/11/2010 10:29:36 AM	Over pressure alarm

----------------------------------------
----------------------------------------
25/11/2010 10:29:43 AM	Module active

----------------------------------------
----------------------------------------
25/11/2010 10:42:38 AM	Module active

----------------------------------------
----------------------------------------
25/11/2010 10:42:45 AM	Over pressure alarm

----------------------------------------
----------------------------------------
25/11/2010 10:42:52 AM	Module active

----------------------------------------
----------------------------------------
25/11/2010 10:43:12 AM	Dual sensors error

----------------------------------------
----------------------------------------
25/11/2010 10:43:24 AM	Module active

----------------------------------------
----------------------------------------
25/11/2010 10:44:39 AM	Module active

----------------------------------------
----------------------------------------
25/11/2010 10:44:46 AM	Over pressure alarm

----------------------------------------
----------------------------------------
25/11/2010 10:44:54 AM	Module active

----------------------------------------
----------------------------------------
25/11/2010 10:47:04 AM	Module active

----------------------------------------
----------------------------------------
25/11/2010 10:47:11 AM	Over pressure alarm

----------------------------------------
----------------------------------------
25/11/2010 10:47:19 AM	Module active

----------------------------------------
----------------------------------------
25/11/2010 10:47:39 AM	Dual sensors error

----------------------------------------
----------------------------------------
25/11/2010 10:47:51 AM	Module active

----------------------------------------
----------------------------------------
25/11/2010 10:48:18 AM	Over pressure alarm

----------------------------------------
----------------------------------------
25/11/2010 10:48:36 AM	Dual sensors error

----------------------------------------
----------------------------------------
25/11/2010 10:48:41 AM	Module active

----------------------------------------
----------------------------------------
25/11/2010 10:49:01 AM	Dual sensors error

----------------------------------------
----------------------------------------
25/11/2010 10:49:14 AM	Over pressure alarm

----------------------------------------
----------------------------------------
25/11/2010 10:50:05 AM	Module active

----------------------------------------
----------------------------------------
25/11/2010 10:59:29 AM	Dual sensors error

----------------------------------------
----------------------------------------
25/11/2010 11:02:13 AM	Stop PWV capture

----------------------------------------
----------------------------------------
25/11/2010 11:02:15 AM	Dual sensors error

----------------------------------------
----------------------------------------
25/11/2010 11:04:48 AM	Stop PWV capture

----------------------------------------
----------------------------------------
25/11/2010 11:04:52 AM	Stop PWV capture

----------------------------------------
----------------------------------------
25/11/2010 11:04:54 AM	Dual sensors error

----------------------------------------
----------------------------------------
25/11/2010 11:05:05 AM	Stop PWV capture

----------------------------------------
----------------------------------------
25/11/2010 11:06:36 AM	Module active

----------------------------------------
----------------------------------------
25/11/2010 11:06:43 AM	Over pressure alarm

----------------------------------------
----------------------------------------
25/11/2010 11:06:51 AM	Module active

----------------------------------------
----------------------------------------
25/11/2010 11:07:10 AM	Dual sensors error

----------------------------------------
----------------------------------------
25/11/2010 11:07:22 AM	Module active

----------------------------------------
----------------------------------------
25/11/2010 11:08:00 AM	Dual sensors error

----------------------------------------
----------------------------------------
25/11/2010 5:44:24 PM	Module active

----------------------------------------
----------------------------------------
26/11/2010 10:25:06 AM	Module active

----------------------------------------
----------------------------------------
26/11/2010 10:25:12 AM	Over pressure alarm

----------------------------------------
