Line (0031) SphygmoCor Log File 9 ~ 02/12/2009 ~ 14:43:20                                                                                                                                                                                      
1 02/12/2009 ~ 14:43:22 ~ SCOR-CvMS 9 Start - FDS 64911048, DBS 42682,  TPM 1039852, APM 296636, ML 71   00050                                                                                                                                 
2 02/12/2009 ~ 14:43:29 ~ SCOR-CvMS 9 End - FDS 64911048, DBS 42682,  TPM 1039852, APM 295592, ML 71   00050                                                                                                                                   
3 02/12/2009 ~ 14:44:00 ~ Fatal Error   System Error  (#701): Data subdirectory does not exist                                                                                                                                                 
4 02/12/2009 ~ 14:44:00 ~ SCOR-CvMS 9 End - FDS 64911044, DBS 0,  TPM 1039852, APM 306880, ML 70                                                                                                                                               
5 02/12/2009 ~ 14:45:49 ~ Fatal Error   System Error  (#702): Database does not exist in Data subdirectory                                                                                                                                     
6 02/12/2009 ~ 14:45:49 ~ SCOR-CvMS 9 End - FDS 64911044, DBS 0,  TPM 1039852, APM 306104, ML 70                                                                                                                                               
7 02/12/2009 ~ 14:48:26 ~ Configuration Error: Invalid System Identifier                                                                                                                                                                       
8 02/12/2009 ~ 14:48:27 ~ SCOR-CvMS 9 End - FDS 64911044, DBS 42682,  TPM 1039852, APM 304880, ML 70   00001                                                                                                                                   
9 02/12/2009 ~ 14:49:22 ~ Configuration Error: Invalid System Identifier                                                                                                                                                                       
10 02/12/2009 ~ 14:49:22 ~ SCOR-CvMS 9 End - FDS 64911044, DBS 42682,  TPM 1039852, APM 304992, ML 70   00050                                                                                                                                  
11 02/12/2009 ~ 14:49:56 ~ SCOR-CvMS 9 Start - FDS 64911044, DBS 42682,  TPM 1039852, APM 295220, ML 71   00050                                                                                                                                
12 02/12/2009 ~ 14:51:10 ~ Added Patient 343                                                                                                                                                                                                   
13 02/12/2009 ~ 14:51:19 ~ Deleted Patient 343                                                                                                                                                                                                 
14 02/12/2009 ~ 14:51:24 ~ SCOR-CvMS 9 End - FDS 64911044, DBS 42682,  TPM 1039852, APM 291104, ML 72   00050                                                                                                                                  
15 02/12/2009 ~ 14:52:13 ~ SCOR-CvMS 9 Start - FDS 64911044, DBS 42682,  TPM 1039852, APM 294808, ML 71   00050                                                                                                                                
16 02/12/2009 ~ 14:53:02 ~ Added Patient 343                                                                                                                                                                                                   
17 02/12/2009 ~ 14:53:08 ~ SCOR-CvMS 9 End - FDS 64911044, DBS 42682,  TPM 1039852, APM 292944, ML 71   00050                                                                                                                                  
18 02/12/2009 ~ 14:53:25 ~ SCOR-CvMS 9 Start - FDS 64911040, DBS 42682,  TPM 1039852, APM 294812, ML 71   00050                                                                                                                                
19 02/12/2009 ~ 14:53:44 ~ SCOR-CvMS 9 End - FDS 64911040, DBS 42682,  TPM 1039852, APM 293912, ML 71   00050                                                                                                                                  
20 02/12/2009 ~ 14:54:03 ~ SCOR-CvMS 9 Start - FDS 64911040, DBS 42682,  TPM 1039852, APM 295516, ML 71   00050                                                                                                                                
21 02/12/2009 ~ 14:54:09 ~ Deleted Patient 343                                                                                                                                                                                                 
22 02/12/2009 ~ 14:54:22 ~ Added Patient 343                                                                                                                                                                                                   
23 02/12/2009 ~ 14:54:25 ~ SCOR-CvMS 9 End - FDS 64911040, DBS 42682,  TPM 1039852, APM 292888, ML 71   00050                                                                                                                                  
24 02/12/2009 ~ 14:54:51 ~ SCOR-CvMS 9 Start - FDS 64911040, DBS 42682,  TPM 1039852, APM 295488, ML 71   00050                                                                                                                                
25 02/12/2009 ~ 14:55:01 ~ Deleted Patient 343                                                                                                                                                                                                 
26 02/12/2009 ~ 14:55:12 ~ Added Patient 343                                                                                                                                                                                                   
27 02/12/2009 ~ 14:55:15 ~ SCOR-CvMS 9 End - FDS 64911040, DBS 42682,  TPM 1039852, APM 293548, ML 71   00050                                                                                                                                  
28 02/12/2009 ~ 14:56:03 ~ SCOR-CvMS 9 Start - FDS 64911040, DBS 42682,  TPM 1039852, APM 294616, ML 71   00050                                                                                                                                
29 02/12/2009 ~ 14:56:33 ~ Added Patient 344 EM3 - [PVH]                                                                                                                                                                                       
30 02/12/2009 ~ 14:56:57 ~ SCOR-CvMS 9 End - FDS 64911040, DBS 42682,  TPM 1039852, APM 292012, ML 71   00050                                                                                                                                  
