Line (0310) SphygmoCor Log File 9 ~ 25/11/2009 ~ 14:45:46                                                                                                                                                                                      
1 25/11/2009 ~ 14:46:26 ~ SCOR-CvMS 9 End - FDS 65503636, DBS 42164,  TPM 1039852, APM 191452, ML 81   00050                                                                                                                                   
2 25/11/2009 ~ 14:48:53 ~ SCOR-CvMS 9 Start - FDS 65464364, DBS 42164,  TPM 1039852, APM 194992, ML 81   00050                                                                                                                                 
3 25/11/2009 ~ 14:50:01 ~ SCOR-CvMS 9 End - FDS 65464364, DBS 42164,  TPM 1039852, APM 191456, ML 81   00050                                                                                                                                   
4 25/11/2009 ~ 14:50:58 ~ SCOR-CvMS 9 Start - FDS 65464360, DBS 42164,  TPM 1039852, APM 195396, ML 81   00050                                                                                                                                 
5 25/11/2009 ~ 14:51:43 ~ SCOR-CvMS 9 End - FDS 65464360, DBS 42164,  TPM 1039852, APM 192456, ML 81   00050                                                                                                                                   
6 25/11/2009 ~ 14:54:08 ~ SCOR-CvMS 9 Start - FDS 65483040, DBS 42164,  TPM 1039852, APM 194188, ML 81   00050                                                                                                                                 
7 25/11/2009 ~ 14:54:37 ~ SCOR-CvMS 9 End - FDS 65482864, DBS 42164,  TPM 1039852, APM 192656, ML 81   00050                                                                                                                                   
8 25/11/2009 ~ 14:55:23 ~ SCOR-CvMS 9 Start - FDS 65482864, DBS 42164,  TPM 1039852, APM 193652, ML 81   00050                                                                                                                                 
9 25/11/2009 ~ 15:26:05 ~ SCOR-CvMS 9 End - FDS 65421820, DBS 42164,  TPM 1039852, APM 181508, ML 82   00050                                                                                                                                   
10 25/11/2009 ~ 15:33:17 ~ SCOR-CvMS 9 Start - FDS 65421820, DBS 42164,  TPM 1039852, APM 146444, ML 85   00050                                                                                                                                
11 25/11/2009 ~ 15:33:53 ~ SCOR-CvMS 9 End - FDS 65421820, DBS 42164,  TPM 1039852, APM 140844, ML 86   00050                                                                                                                                  
12 25/11/2009 ~ 15:34:00 ~ SCOR-CvMS 9 Start - FDS 65421820, DBS 42164,  TPM 1039852, APM 146080, ML 85   00050                                                                                                                                
13 25/11/2009 ~ 15:39:42 ~ SCOR-CvMS 9 End - FDS 65421828, DBS 42164,  TPM 1039852, APM 174172, ML 83   00050                                                                                                                                  
14 25/11/2009 ~ 15:41:15 ~ SCOR-CvMS 9 Start - FDS 65421828, DBS 42164,  TPM 1039852, APM 180956, ML 82   00050                                                                                                                                
15 25/11/2009 ~ 15:51:22 ~ SCOR-CvMS 9 End - FDS 65417644, DBS 42164,  TPM 1039852, APM 166404, ML 83   00050                                                                                                                                  
16 25/11/2009 ~ 15:54:01 ~ SCOR-CvMS 9 Start - FDS 65417212, DBS 42164,  TPM 1039852, APM 167608, ML 83   00050                                                                                                                                
17 25/11/2009 ~ 15:55:19 ~ SCOR-CvMS 9 End - FDS 65415376, DBS 42164,  TPM 1039852, APM 150832, ML 85   00050                                                                                                                                  
18 25/11/2009 ~ 16:05:51 ~ SCOR-CvMS 9 Start - FDS 65413244, DBS 42164,  TPM 1039852, APM 163972, ML 84   00050                                                                                                                                
19 25/11/2009 ~ 16:12:12 ~ SCOR-CvMS 9 End - FDS 65405532, DBS 42164,  TPM 1039852, APM 159136, ML 84   00050                                                                                                                                  
20 25/11/2009 ~ 16:13:59 ~ SCOR-CvMS 9 Start - FDS 65405532, DBS 42164,  TPM 1039852, APM 163356, ML 84   00050                                                                                                                                
21 25/11/2009 ~ 16:16:35 ~ SCOR-CvMS 9 End - FDS 65405528, DBS 42164,  TPM 1039852, APM 157572, ML 84   00050                                                                                                                                  
22 25/11/2009 ~ 16:20:30 ~ SCOR-CvMS 9 Start - FDS 65398344, DBS 42164,  TPM 1039852, APM 161664, ML 84   00050                                                                                                                                
23 25/11/2009 ~ 16:23:22 ~ SCOR-CvMS 9 End - FDS 65398344, DBS 42164,  TPM 1039852, APM 153704, ML 85   00050                                                                                                                                  
24 25/11/2009 ~ 16:25:40 ~ SCOR-CvMS 9 Start - FDS 65398232, DBS 42164,  TPM 1039852, APM 160644, ML 84   00050                                                                                                                                
25 25/11/2009 ~ 16:28:03 ~ SCOR-CvMS 9 End - FDS 65392776, DBS 42164,  TPM 1039852, APM 150844, ML 85   00050                                                                                                                                  
26 25/11/2009 ~ 16:28:18 ~ SCOR-CvMS 9 Start - FDS 65392776, DBS 42164,  TPM 1039852, APM 160560, ML 84   00050                                                                                                                                
27 25/11/2009 ~ 16:29:42 ~ SCOR-CvMS 9 End - FDS 65392752, DBS 42164,  TPM 1039852, APM 145876, ML 85   00050                                                                                                                                  
28 25/11/2009 ~ 16:29:48 ~ SCOR-CvMS 9 Start - FDS 65392752, DBS 42164,  TPM 1039852, APM 160240, ML 84   00050                                                                                                                                
29 25/11/2009 ~ 16:30:25 ~ SCOR-CvMS 9 End - FDS 65392752, DBS 42164,  TPM 1039852, APM 143560, ML 86   00050                                                                                                                                  
30 25/11/2009 ~ 16:32:10 ~ SCOR-CvMS 9 Start - FDS 65392752, DBS 42164,  TPM 1039852, APM 160564, ML 84   00050                                                                                                                                
31 25/11/2009 ~ 16:32:29 ~ SCOR-CvMS 9 End - FDS 65392752, DBS 42164,  TPM 1039852, APM 153396, ML 85   00050                                                                                                                                  
32 25/11/2009 ~ 16:39:09 ~ SCOR-CvMS 9 Start - FDS 65392324, DBS 42164,  TPM 1039852, APM 159076, ML 84   00050                                                                                                                                
33 25/11/2009 ~ 16:40:04 ~ SCOR-CvMS 9 End - FDS 65392324, DBS 42164,  TPM 1039852, APM 152432, ML 85   00050                                                                                                                                  
34 25/11/2009 ~ 16:40:09 ~ SCOR-CvMS 9 Start - FDS 65392324, DBS 42164,  TPM 1039852, APM 158148, ML 84   00050                                                                                                                                
35 25/11/2009 ~ 16:41:37 ~ SCOR-CvMS 9 End - FDS 65392320, DBS 42164,  TPM 1039852, APM 147672, ML 85   00050                                                                                                                                  
36 25/11/2009 ~ 16:43:49 ~ SCOR-CvMS 9 Start - FDS 65392320, DBS 42164,  TPM 1039852, APM 156440, ML 84   00050                                                                                                                                
37 25/11/2009 ~ 16:44:39 ~ SCOR-CvMS 9 End - FDS 65392228, DBS 42164,  TPM 1039852, APM 165068, ML 84   00050                                                                                                                                  
38 25/11/2009 ~ 17:04:28 ~ SCOR-CvMS 9 Start - FDS 65391528, DBS 42164,  TPM 1039852, APM 214212, ML 79   00050                                                                                                                                
39 25/11/2009 ~ 17:05:51 ~ SCOR-CvMS 9 End - FDS 65391548, DBS 42164,  TPM 1039852, APM 204448, ML 80   00050                                                                                                                                  
40 26/11/2009 ~ 13:43:52 ~ SCOR-CvMS 9 Start - FDS 64966716, DBS 42164,  TPM 1039852, APM 184204, ML 82   00050                                                                                                                                
41 26/11/2009 ~ 13:44:29 ~ SCOR-CvMS 9 End - FDS 64966716, DBS 42164,  TPM 1039852, APM 173448, ML 83   00050                                                                                                                                  
42 26/11/2009 ~ 13:50:05 ~ SCOR-CvMS 9 Start - FDS 64966712, DBS 42164,  TPM 1039852, APM 137356, ML 86   00050                                                                                                                                
43 26/11/2009 ~ 13:50:43 ~ SCOR-CvMS 9 End - FDS 64966712, DBS 42164,  TPM 1039852, APM 127200, ML 87   00050                                                                                                                                  
44 26/11/2009 ~ 13:53:55 ~ SCOR-CvMS 9 Start - FDS 64966712, DBS 42164,  TPM 1039852, APM 135764, ML 86   00050                                                                                                                                
45 26/11/2009 ~ 13:54:58 ~ SCOR-CvMS 9 End - FDS 64966712, DBS 42164,  TPM 1039852, APM 126408, ML 87   00050                                                                                                                                  
46 26/11/2009 ~ 13:55:50 ~ SCOR-CvMS 9 Start - FDS 64966712, DBS 42164,  TPM 1039852, APM 135120, ML 87   00050                                                                                                                                
47 26/11/2009 ~ 13:57:09 ~ SCOR-CvMS 9 End - FDS 64966728, DBS 42164,  TPM 1039852, APM 119472, ML 88   00050                                                                                                                                  
48 26/11/2009 ~ 13:57:14 ~ SCOR-CvMS 9 Start - FDS 64966728, DBS 42164,  TPM 1039852, APM 124796, ML 87   00050                                                                                                                                
49 26/11/2009 ~ 13:59:30 ~ SCOR-CvMS 9 End - FDS 64966724, DBS 42164,  TPM 1039852, APM 128020, ML 87   00050                                                                                                                                  
50 26/11/2009 ~ 14:01:21 ~ SCOR-CvMS 9 Start - FDS 64966724, DBS 42164,  TPM 1039852, APM 133404, ML 87   00050                                                                                                                                
51 26/11/2009 ~ 14:02:17 ~ SCOR-CvMS 9 End - FDS 64966728, DBS 42164,  TPM 1039852, APM 119548, ML 88   00050                                                                                                                                  
52 26/11/2009 ~ 14:03:36 ~ SCOR-CvMS 9 Start - FDS 64966724, DBS 42164,  TPM 1039852, APM 131820, ML 87   00050                                                                                                                                
53 26/11/2009 ~ 14:05:10 ~ SCOR-CvMS 9 End - FDS 64966724, DBS 42164,  TPM 1039852, APM 120704, ML 88   00050                                                                                                                                  
54 26/11/2009 ~ 14:05:38 ~ SCOR-CvMS 9 Start - FDS 64966724, DBS 42164,  TPM 1039852, APM 133736, ML 87   00050                                                                                                                                
55 26/11/2009 ~ 14:06:11 ~ SCOR-CvMS 9 End - FDS 64966724, DBS 42164,  TPM 1039852, APM 116776, ML 88   00050                                                                                                                                  
56 26/11/2009 ~ 14:10:23 ~ SCOR-CvMS 9 Start - FDS 64966724, DBS 42164,  TPM 1039852, APM 133432, ML 87   00050                                                                                                                                
57 26/11/2009 ~ 14:11:25 ~ SCOR-CvMS 9 End - FDS 64966720, DBS 42164,  TPM 1039852, APM 119452, ML 88   00050                                                                                                                                  
58 26/11/2009 ~ 14:14:04 ~ SCOR-CvMS 9 Start - FDS 64966720, DBS 42164,  TPM 1039852, APM 132136, ML 87   00050                                                                                                                                
59 26/11/2009 ~ 14:15:39 ~ SCOR-CvMS 9 End - FDS 64966720, DBS 42164,  TPM 1039852, APM 115084, ML 88   00050                                                                                                                                  
60 26/11/2009 ~ 14:20:20 ~ SCOR-CvMS 9 Start - FDS 64966720, DBS 42164,  TPM 1039852, APM 87980, ML 91   00050                                                                                                                                 
61 26/11/2009 ~ 14:23:35 ~ SCOR-CvMS 9 End - FDS 64966428, DBS 42164,  TPM 1039852, APM 94656, ML 90   00050                                                                                                                                   
62 26/11/2009 ~ 14:23:42 ~ SCOR-CvMS 9 Start - FDS 64966428, DBS 42164,  TPM 1039852, APM 104584, ML 89   00050                                                                                                                                
63 26/11/2009 ~ 15:27:38 ~ SCOR-CvMS 9 End - FDS 64965884, DBS 42164,  TPM 1039852, APM 163752, ML 84   00050                                                                                                                                  
64 26/11/2009 ~ 15:28:26 ~ SCOR-CvMS 9 Start - FDS 64965884, DBS 42164,  TPM 1039852, APM 163396, ML 84   00050                                                                                                                                
65 26/11/2009 ~ 15:37:18 ~ SCOR-CvMS 9 End - FDS 64965148, DBS 42164,  TPM 1039852, APM 172380, ML 83   00050                                                                                                                                  
66 26/11/2009 ~ 15:47:52 ~ SCOR-CvMS 9 Start - FDS 64964964, DBS 42164,  TPM 1039852, APM 155680, ML 85   00050                                                                                                                                
67 26/11/2009 ~ 15:50:08 ~ Error  (#506): Communication Error : Byte Timeout                                                                                                                                                                   
68 26/11/2009 ~ 15:50:08 ~ Comms HRV Capture: Sample = 0                                                                                                                                                                                       
69 26/11/2009 ~ 15:54:17 ~ Error  (#506): Communication Error : Byte Timeout                                                                                                                                                                   
70 26/11/2009 ~ 15:54:18 ~ Comms HRV Capture: Sample = 0                                                                                                                                                                                       
71 26/11/2009 ~ 16:01:01 ~ Number of onsets out of range, 0                                                                                                                                                                                    
72 26/11/2009 ~ 16:01:48 ~ Error  (#158):  Patient :690, Measurement :26/11/2009 3:58:44 PM, DataRevision :130 .    Validation Error : Signal amplitude is too small : 77                                                                      
73 26/11/2009 ~ 16:01:48 ~ Validate ECG signal failed                                                                                                                                                                                          
74 26/11/2009 ~ 16:06:28 ~ Heart rate out of range, 209                                                                                                                                                                                        
75 26/11/2009 ~ 16:06:56 ~ Heart rate out of range, 24                                                                                                                                                                                         
76 26/11/2009 ~ 16:06:56 ~ The Number of Pulses is out of range.

No of Pulses = 1                                                                                                                                                             
77 26/11/2009 ~ 16:08:31 ~ Number of onsets out of range, 1                                                                                                                                                                                    
78 26/11/2009 ~ 16:10:03 ~ SCOR-CvMS 9 End - FDS 64943700, DBS 42164,  TPM 1039852, APM 141588, ML 86   00050                                                                                                                                  
79 27/11/2009 ~ 09:42:32 ~ SCOR-CvMS 9 Start - FDS 65031864, DBS 42164,  TPM 1039852, APM 289432, ML 72   00050                                                                                                                                
80 27/11/2009 ~ 09:44:22 ~ Added Patient 335                                                                                                                                                                                                   
81 27/11/2009 ~ 10:00:18 ~ Successful PWA measurement for Patient :335, Measurement :27/11/2009 10:00:17 AM, DataRevision :130 , CaptureTime 00:00:19                                                                                          
82 27/11/2009 ~ 10:02:34 ~ SCOR-CvMS 9 End - FDS 65031864, DBS 42164,  TPM 1039852, APM 277220, ML 73   00050                                                                                                                                  
83 27/11/2009 ~ 10:03:57 ~ SCOR-CvMS 9 Start - FDS 65031864, DBS 42164,  TPM 1039852, APM 282592, ML 72   00050                                                                                                                                
84 27/11/2009 ~ 10:09:09 ~ SCOR-CvMS 9 End - FDS 65031864, DBS 42164,  TPM 1039852, APM 323184, ML 68   00050                                                                                                                                  
85 27/11/2009 ~ 10:12:44 ~ SCOR-CvMS 9 Start - FDS 65031864, DBS 42164,  TPM 1039852, APM 267144, ML 74   00050                                                                                                                                
86 27/11/2009 ~ 10:12:53 ~ Error   Security (#1302): Identity verification failed.                                                                                                                                                             
87 27/11/2009 ~ 10:12:57 ~ SCOR-CvMS 9 End - FDS 65031860, DBS 42164,  TPM 1039852, APM 267052, ML 74   00050                                                                                                                                  
88 27/11/2009 ~ 10:13:52 ~ SCOR-CvMS 9 Start - FDS 65031468, DBS 42164,  TPM 1039852, APM 267036, ML 74   00050                                                                                                                                
89 27/11/2009 ~ 10:14:06 ~ SCOR-CvMS 9 End - FDS 65031468, DBS 42164,  TPM 1039852, APM 265256, ML 74   00050                                                                                                                                  
90 27/11/2009 ~ 10:24:17 ~ SCOR-CvMS 9 (Clinical) Start - FDS 65031364, DBS 42164,  TPM 1039852, APM 266032, ML 74   00050                                                                                                                     
91 27/11/2009 ~ 10:43:14 ~ SCOR-CvMS 9 (Clinical) End - FDS 65031688, DBS 42164,  TPM 1039852, APM 258852, ML 75   00050                                                                                                                       
92 27/11/2009 ~ 10:43:20 ~ SCOR-CvMS 9 (Clinical) Start - FDS 65031688, DBS 42164,  TPM 1039852, APM 260540, ML 74   00050                                                                                                                     
93 27/11/2009 ~ 10:59:27 ~ SCOR-CvMS 9 (Clinical) End - FDS 65031272, DBS 42164,  TPM 1039852, APM 257116, ML 75   00050                                                                                                                       
94 27/11/2009 ~ 11:00:00 ~ SCOR-CvMS 9 Start - FDS 65031272, DBS 42164,  TPM 1039852, APM 257748, ML 75   00050                                                                                                                                
95 27/11/2009 ~ 11:00:17 ~ SCOR-CvMS 9 End - FDS 65031272, DBS 42164,  TPM 1039852, APM 255996, ML 75   00050                                                                                                                                  
96 27/11/2009 ~ 11:00:25 ~ SCOR-CvMS 9 Start - FDS 65031272, DBS 42164,  TPM 1039852, APM 257400, ML 75   00050                                                                                                                                
97 27/11/2009 ~ 11:02:50 ~ Error  (#506): Communication Error : Byte Timeout                                                                                                                                                                   
98 27/11/2009 ~ 11:02:51 ~ Comms PWA Capture: Sample = 0                                                                                                                                                                                       
99 27/11/2009 ~ 11:04:37 ~ Successful PWA measurement for Patient :335, Measurement :27/11/2009 11:04:35 AM, DataRevision :130 , CaptureTime 00:00:37                                                                                          
100 27/11/2009 ~ 11:05:35 ~ SCOR-CvMS 9 End - FDS 65031272, DBS 42164,  TPM 1039852, APM 246696, ML 76   00050                                                                                                                                 
101 27/11/2009 ~ 11:15:18 ~ SCOR-CvMS 9 Start - FDS 65030812, DBS 42164,  TPM 1039852, APM 255312, ML 75   00050                                                                                                                               
102 27/11/2009 ~ 11:23:04 ~ Error  (#506): Communication Error : Byte Timeout                                                                                                                                                                  
103 27/11/2009 ~ 11:23:04 ~ Comms HRV Capture: Sample = 0                                                                                                                                                                                      
104 27/11/2009 ~ 11:23:32 ~ Error  (#506): Communication Error : Byte Timeout                                                                                                                                                                  
105 27/11/2009 ~ 11:23:32 ~ Comms HRV Capture: Sample = 0                                                                                                                                                                                      
106 27/11/2009 ~ 11:24:05 ~ SCOR-CvMS 9 End - FDS 65030988, DBS 42164,  TPM 1039852, APM 250956, ML 75   00050                                                                                                                                 
107 27/11/2009 ~ 11:24:19 ~ SCOR-CvMS 9 Start - FDS 65030988, DBS 42164,  TPM 1039852, APM 254092, ML 75   00050                                                                                                                               
108 27/11/2009 ~ 11:41:00 ~ Error  (#506): Communication Error : Byte Timeout                                                                                                                                                                  
109 27/11/2009 ~ 11:41:01 ~ Comms HRV Capture: Sample = 0                                                                                                                                                                                      
110 27/11/2009 ~ 11:42:06 ~ SCOR-CvMS 9 End - FDS 65030780, DBS 42164,  TPM 1039852, APM 193636, ML 81   00050                                                                                                                                 
111 27/11/2009 ~ 11:56:12 ~ SCOR-CvMS 9 Start - FDS 65030744, DBS 42164,  TPM 1039852, APM 235528, ML 77   00050                                                                                                                               
112 27/11/2009 ~ 11:58:31 ~ Error  (#506): Communication Error : Byte Timeout                                                                                                                                                                  
113 27/11/2009 ~ 11:58:31 ~ Comms, PWV Capture, Samples: = 0, 0                                                                                                                                                                                
114 27/11/2009 ~ 11:58:44 ~ SCOR-CvMS 9 End - FDS 65030744, DBS 42164,  TPM 1039852, APM 230864, ML 77   00050                                                                                                                                 
115 27/11/2009 ~ 12:20:05 ~ SCOR-CvMS 9 Start - FDS 65031056, DBS 42164,  TPM 1039852, APM 234184, ML 77   00050                                                                                                                               
116 27/11/2009 ~ 12:28:12 ~ SCOR-CvMS 9 End - FDS 65029840, DBS 42164,  TPM 1039852, APM 222752, ML 78   00050                                                                                                                                 
117 27/11/2009 ~ 12:30:12 ~ SCOR-CvMS 9 Start - FDS 65029880, DBS 42164,  TPM 1039852, APM 207860, ML 80   00050                                                                                                                               
118 27/11/2009 ~ 12:38:13 ~ SCOR-CvMS 9 End - FDS 65029984, DBS 42164,  TPM 1039852, APM 194420, ML 81   00050                                                                                                                                 
119 27/11/2009 ~ 12:45:13 ~ SCOR-CvMS 9 Start - FDS 65029984, DBS 42164,  TPM 1039852, APM 205108, ML 80   00050                                                                                                                               
120 27/11/2009 ~ 15:02:03 ~ Added Patient 336                                                                                                                                                                                                  
121 27/11/2009 ~ 15:03:30 ~ Successful PWA measurement for Patient :336, Measurement :27/11/2009 3:03:29 PM, DataRevision :130 , CaptureTime 00:00:13                                                                                          
122 27/11/2009 ~ 15:07:12 ~ Successful PWA measurement for Patient :336, Measurement :27/11/2009 3:07:11 PM, DataRevision :130 , CaptureTime 00:00:13                                                                                          
123 27/11/2009 ~ 15:08:50 ~ Successful PWA measurement for Patient :336, Measurement :27/11/2009 3:08:49 PM, DataRevision :130 , CaptureTime 00:00:29                                                                                          
124 27/11/2009 ~ 15:09:33 ~ Successful PWA measurement for Patient :336, Measurement :27/11/2009 3:09:32 PM, DataRevision :130 , CaptureTime 00:00:20                                                                                          
125 27/11/2009 ~ 15:10:29 ~ Successful PWA measurement for Patient :336, Measurement :27/11/2009 3:10:27 PM, DataRevision :130 , CaptureTime 00:00:35                                                                                          
126 27/11/2009 ~ 16:35:17 ~ SCOR-CvMS 9 End - FDS 65026384, DBS 42422,  TPM 1039852, APM 334024, ML 67   00050                                                                                                                                 
127 30/11/2009 ~ 10:08:01 ~ SCOR-CvMS 9 Start - FDS 65014308, DBS 42422,  TPM 1039852, APM 206720, ML 80   00050                                                                                                                               
128 30/11/2009 ~ 10:13:55 ~ Successful PWA measurement for Patient :21, Measurement :30/11/2009 10:13:54 AM, DataRevision :130 , CaptureTime 00:00:14                                                                                          
129 30/11/2009 ~ 10:25:23 ~ SCOR-CvMS 9 End - FDS 65014272, DBS 42422,  TPM 1039852, APM 186036, ML 82   00050                                                                                                                                 
130 30/11/2009 ~ 10:27:38 ~ SCOR-CvMS 9 Start - FDS 65014272, DBS 42422,  TPM 1039852, APM 151780, ML 85   00050                                                                                                                               
131 30/11/2009 ~ 10:31:21 ~ SCOR-CvMS 9 End - FDS 65012896, DBS 42422,  TPM 1039852, APM 136844, ML 86   00050                                                                                                                                 
132 30/11/2009 ~ 10:33:27 ~ SCOR-CvMS 9 Start - FDS 65012576, DBS 42422,  TPM 1039852, APM 151852, ML 85   00050                                                                                                                               
133 30/11/2009 ~ 10:34:37 ~ SCOR-CvMS 9 End - FDS 65012576, DBS 42422,  TPM 1039852, APM 143056, ML 86   00050                                                                                                                                 
134 30/11/2009 ~ 10:36:55 ~ SCOR-CvMS 9 Start - FDS 65012576, DBS 42422,  TPM 1039852, APM 150216, ML 85   00050                                                                                                                               
135 30/11/2009 ~ 11:30:54 ~ Successful PWA measurement for Patient :160, Measurement :30/11/2009 11:30:53 AM, DataRevision :130 , CaptureTime 00:00:14                                                                                         
136 30/11/2009 ~ 11:48:39 ~ Successful PWA measurement for Patient :344, Measurement :30/11/2009 11:48:38 AM, DataRevision :130 , CaptureTime 00:00:13                                                                                         
137 30/11/2009 ~ 12:04:04 ~ SCOR-CvMS 9 End - FDS 65010300, DBS 42668,  TPM 1039852, APM 247676, ML 76   00050                                                                                                                                 
138 30/11/2009 ~ 14:45:55 ~ SCOR-CvMS 9 Start - FDS 65010116, DBS 42668,  TPM 1039852, APM 240420, ML 76   00050                                                                                                                               
139 30/11/2009 ~ 14:49:35 ~ SCOR-CvMS 9 End - FDS 65010116, DBS 42668,  TPM 1039852, APM 230868, ML 77   00050                                                                                                                                 
140 30/11/2009 ~ 16:10:36 ~ SCOR-CvMS 9 Start - FDS 65009188, DBS 42668,  TPM 1039852, APM 316212, ML 69   00050                                                                                                                               
141 30/11/2009 ~ 16:24:50 ~ SCOR-CvMS 9 End - FDS 65009188, DBS 42668,  TPM 1039852, APM 299576, ML 71   00050                                                                                                                                 
142 30/11/2009 ~ 16:24:55 ~ SCOR-CvMS 9 Start - FDS 65009188, DBS 42668,  TPM 1039852, APM 316372, ML 69   00050                                                                                                                               
143 30/11/2009 ~ 17:25:57 ~ SCOR-CvMS 9 End - FDS 65008056, DBS 42668,  TPM 1039852, APM 294340, ML 71   00050                                                                                                                                 
144 01/12/2009 ~ 10:17:26 ~ SCOR-CvMS 9 Start - FDS 65199004, DBS 42668,  TPM 1039852, APM 209344, ML 79   00050                                                                                                                               
145 01/12/2009 ~ 10:17:48 ~ Error   Security (#1302): Identity verification failed.                                                                                                                                                            
146 01/12/2009 ~ 10:18:07 ~ Database Manager - Selected TEST Patients = 473                                                                                                                                                                    
147 01/12/2009 ~ 10:18:39 ~ SCOR-CvMS 9 End - FDS 65199004, DBS 42668,  TPM 1039852, APM 202720, ML 80   00050                                                                                                                                 
148 01/12/2009 ~ 10:25:20 ~ SCOR-CvMS 9 Start - FDS 65199004, DBS 42668,  TPM 1039852, APM 185524, ML 82   00050                                                                                                                               
149 01/12/2009 ~ 10:25:29 ~ Error   Security (#1302): Identity verification failed.                                                                                                                                                            
150 01/12/2009 ~ 10:26:06 ~ SCOR-CvMS 9 End - FDS 65199004, DBS 42668,  TPM 1039852, APM 185244, ML 82   00050                                                                                                                                 
151 01/12/2009 ~ 10:26:11 ~ SCOR-CvMS 9 Start - FDS 65199004, DBS 42668,  TPM 1039852, APM 185988, ML 82   00050                                                                                                                               
152 01/12/2009 ~ 10:26:37 ~ Error   Security (#1302): Logon failure: unknown user name or bad password.                                                                                                                                        
153 01/12/2009 ~ 10:28:43 ~ Error   Security (#1302): Identity verification failed.                                                                                                                                                            
154 01/12/2009 ~ 10:29:18 ~ Added Patient 337                                                                                                                                                                                                  
155 01/12/2009 ~ 10:30:35 ~ Added Patient 338                                                                                                                                                                                                  
156 01/12/2009 ~ 10:32:11 ~ Error   Security (#1302): Identity verification failed.                                                                                                                                                            
157 01/12/2009 ~ 10:34:29 ~ Error   Security (#1302): Identity verification failed.                                                                                                                                                            
158 01/12/2009 ~ 10:34:57 ~ Deleted Patient 338                                                                                                                                                                                                
159 01/12/2009 ~ 10:37:53 ~ SCOR-CvMS 9 End - FDS 65198992, DBS 42668,  TPM 1039852, APM 182152, ML 82   00050                                                                                                                                 
160 01/12/2009 ~ 11:09:37 ~ SCOR-CvMS 9 Start - FDS 65198592, DBS 42668,  TPM 1039852, APM 164900, ML 84   00050                                                                                                                               
161 01/12/2009 ~ 11:10:55 ~ SCOR-CvMS 9 End - FDS 65198592, DBS 42668,  TPM 1039852, APM 170936, ML 83   00050                                                                                                                                 
162 01/12/2009 ~ 11:11:00 ~ SCOR-CvMS 9 Start - FDS 65198592, DBS 42668,  TPM 1039852, APM 173396, ML 83   00050                                                                                                                               
163 01/12/2009 ~ 11:12:25 ~ Error   Security (#1302): Identity verification failed.                                                                                                                                                            
164 01/12/2009 ~ 11:12:56 ~ Successful PWA measurement for Patient :337, Measurement :01/12/2009 11:12:55 AM, DataRevision :130 , CaptureTime 00:00:13                                                                                         
165 01/12/2009 ~ 11:14:48 ~ Error   Security (#1302): Identity verification failed.                                                                                                                                                            
166 01/12/2009 ~ 11:16:40 ~ Error   Security (#1302): Identity verification failed.                                                                                                                                                            
167 01/12/2009 ~ 11:32:15 ~ Error   Security (#1302): Identity verification failed.                                                                                                                                                            
168 01/12/2009 ~ 11:34:12 ~ Error   Security (#1302): Identity verification failed.                                                                                                                                                            
169 01/12/2009 ~ 11:39:20 ~ Error   Security (#1302): Identity verification failed.                                                                                                                                                            
170 01/12/2009 ~ 11:45:29 ~ Error   Security (#1302): Logon failure: unknown user name or bad password.                                                                                                                                        
171 01/12/2009 ~ 11:45:46 ~ Error   Security (#1302): Logon failure: unknown user name or bad password.                                                                                                                                        
172 01/12/2009 ~ 11:45:48 ~ Error   Security (#1302): Logon failure: unknown user name or bad password.                                                                                                                                        
173 01/12/2009 ~ 11:45:50 ~ Error   Security (#1302): Logon failure: unknown user name or bad password.                                                                                                                                        
174 01/12/2009 ~ 11:45:52 ~ Error   Security (#1302): Logon failure: unknown user name or bad password.                                                                                                                                        
175 01/12/2009 ~ 11:45:53 ~ Error   Security (#1302): Logon failure: unknown user name or bad password.                                                                                                                                        
176 01/12/2009 ~ 11:45:55 ~ Error   Security (#1302): Logon failure: unknown user name or bad password.                                                                                                                                        
177 01/12/2009 ~ 11:45:57 ~ Error   Security (#1302): Logon failure: unknown user name or bad password.                                                                                                                                        
178 01/12/2009 ~ 11:45:59 ~ Error   Security (#1302): Logon failure: unknown user name or bad password.                                                                                                                                        
179 01/12/2009 ~ 11:46:09 ~ Error   Security (#1302): The referenced account is currently locked out and may not be logged on to.                                                                                                              
180 01/12/2009 ~ 11:46:16 ~ Error   Security (#1304): SphygmoCor will now lock the computer.  Please contact an administrator to unlock the system.                                                                                            
181 01/12/2009 ~ 11:46:33 ~ Error   Security (#1302): The referenced account is currently locked out and may not be logged on to.                                                                                                              
182 01/12/2009 ~ 11:46:33 ~ Error   Security (#1304): SphygmoCor will now lock the computer.  Please contact an administrator to unlock the system.                                                                                            
183 01/12/2009 ~ 11:46:45 ~ Added Patient 339  -                                                                                                                                                                                               
184 01/12/2009 ~ 11:48:58 ~ Error   Security (#1302): Logon failure: the user has not been granted the requested logon type at this computer.                                                                                                  
185 01/12/2009 ~ 11:51:16 ~ Error   Security (#1302): The referenced account is currently locked out and may not be logged on to.                                                                                                              
186 01/12/2009 ~ 11:51:17 ~ Error   Security (#1304): SphygmoCor will now lock the computer.  Please contact an administrator to unlock the system.                                                                                            
187 01/12/2009 ~ 11:59:19 ~ Notification   Security (#1306): A Guest account cannot be utilised for identity verification.  Please use a different account.                                                                                    
188 01/12/2009 ~ 12:04:40 ~ SCOR-CvMS 9 End - FDS 65197244, DBS 42760,  TPM 1039852, APM 270972, ML 73   00050                                                                                                                                 
189 01/12/2009 ~ 14:03:44 ~ SCOR-CvMS 9 Start - FDS 65159516, DBS 42760,  TPM 1039852, APM 193840, ML 81   00050                                                                                                                               
190 01/12/2009 ~ 14:04:32 ~ SCOR-CvMS 9 End - FDS 65159516, DBS 42760,  TPM 1039852, APM 192672, ML 81   00050                                                                                                                                 
191 01/12/2009 ~ 14:06:52 ~ SCOR-CvMS 9 Start - FDS 65159516, DBS 42760,  TPM 1039852, APM 187592, ML 81   00050                                                                                                                               
192 01/12/2009 ~ 14:16:36 ~ SCOR-CvMS 9 End - FDS 65146676, DBS 42760,  TPM 1039852, APM 345748, ML 66   00050                                                                                                                                 
193 01/12/2009 ~ 14:20:50 ~ SCOR-CvMS 9 Start - FDS 65134576, DBS 42760,  TPM 1039852, APM 350372, ML 66   00050                                                                                                                               
194 01/12/2009 ~ 14:22:15 ~ SCOR-CvMS 9 End - FDS 65134536, DBS 42760,  TPM 1039852, APM 348352, ML 66   00050                                                                                                                                 
195 01/12/2009 ~ 14:34:23 ~ SCOR-CvMS 9 Start - FDS 65129764, DBS 42760,  TPM 1039852, APM 348192, ML 66   00050                                                                                                                               
196 01/12/2009 ~ 14:39:15 ~ SCOR-CvMS 9 End - FDS 64989188, DBS 42760,  TPM 1039852, APM 345604, ML 66   00050                                                                                                                                 
197 01/12/2009 ~ 14:41:37 ~ SCOR-CvMS 9 Start - FDS 64989188, DBS 42760,  TPM 1039852, APM 338984, ML 67   00050                                                                                                                               
198 01/12/2009 ~ 14:43:20 ~ Successful PWA measurement for Patient :21, Measurement :01/12/2009 2:43:19 PM, DataRevision :130 , CaptureTime 00:00:13                                                                                           
199 01/12/2009 ~ 14:54:32 ~ SCOR-CvMS 9 End - FDS 64989120, DBS 42760,  TPM 1039852, APM 324572, ML 68   00050                                                                                                                                 
200 01/12/2009 ~ 14:55:26 ~ SCOR-CvMS 9 Start - FDS 64989120, DBS 42760,  TPM 1039852, APM 337848, ML 67   00050                                                                                                                               
201 01/12/2009 ~ 14:59:51 ~ SCOR-CvMS 9 End - FDS 64988528, DBS 42760,  TPM 1039852, APM 335920, ML 67   00050                                                                                                                                 
202 01/12/2009 ~ 15:01:29 ~ SCOR-CvMS 9 Start - FDS 64999456, DBS 42760,  TPM 1039852, APM 331332, ML 68   00050                                                                                                                               
203 01/12/2009 ~ 15:02:11 ~ SCOR-CvMS 9 End - FDS 64999456, DBS 42760,  TPM 1039852, APM 355060, ML 65   00050                                                                                                                                 
204 01/12/2009 ~ 15:04:55 ~ SCOR-CvMS 9 Start - FDS 65004892, DBS 42760,  TPM 1039852, APM 349244, ML 66   00050                                                                                                                               
205 01/12/2009 ~ 15:08:59 ~ Error  (#1305): Configuration Error : A valid Tonometer Serial Number has not been entered.  Please enter a valid Tonometer Serial Number to continue.                                                             
206 01/12/2009 ~ 15:09:45 ~ SCOR-CvMS 9 End - FDS 65035336, DBS 42760,  TPM 1039852, APM 329120, ML 68   00050                                                                                                                                 
207 01/12/2009 ~ 15:12:00 ~ SCOR-CvMS 9 Start - FDS 65036380, DBS 42760,  TPM 1039852, APM 330096, ML 68   00050                                                                                                                               
208 01/12/2009 ~ 15:13:27 ~ SCOR-CvMS 9 End - FDS 65036380, DBS 42760,  TPM 1039852, APM 331100, ML 68   00050                                                                                                                                 
209 01/12/2009 ~ 15:14:54 ~ SCOR-CvMS 9 Start - FDS 65036904, DBS 42760,  TPM 1039852, APM 307496, ML 70   00050                                                                                                                               
210 01/12/2009 ~ 15:15:49 ~ SCOR-CvMS 9 End - FDS 65036904, DBS 42760,  TPM 1039852, APM 331548, ML 68   00050                                                                                                                                 
211 01/12/2009 ~ 15:16:19 ~ SCOR-CvMS 9 Start - FDS 65036904, DBS 42760,  TPM 1039852, APM 331336, ML 68   00050                                                                                                                               
212 01/12/2009 ~ 15:16:48 ~ SCOR-CvMS 9 End - FDS 65036904, DBS 42760,  TPM 1039852, APM 330800, ML 68   00050                                                                                                                                 
213 01/12/2009 ~ 15:17:10 ~ SCOR-CvMS 9 Start - FDS 65036904, DBS 42760,  TPM 1039852, APM 330808, ML 68   00050                                                                                                                               
214 01/12/2009 ~ 15:17:19 ~ SCOR-CvMS 9 End - FDS 65036904, DBS 42760,  TPM 1039852, APM 331052, ML 68   00050                                                                                                                                 
215 01/12/2009 ~ 15:17:41 ~ SCOR-CvMS 9 Start - FDS 65036904, DBS 42760,  TPM 1039852, APM 331324, ML 68   00050                                                                                                                               
216 01/12/2009 ~ 15:18:01 ~ SCOR-CvMS 9 End - FDS 65036904, DBS 42760,  TPM 1039852, APM 329552, ML 68   00050                                                                                                                                 
217 01/12/2009 ~ 15:18:23 ~ SCOR-CvMS 9 Start - FDS 65036904, DBS 42760,  TPM 1039852, APM 329300, ML 68   00050                                                                                                                               
218 01/12/2009 ~ 15:18:32 ~ SCOR-CvMS 9 End - FDS 65036904, DBS 42760,  TPM 1039852, APM 329048, ML 68   00050                                                                                                                                 
219 01/12/2009 ~ 15:18:55 ~ SCOR-CvMS 9 Start - FDS 65036904, DBS 42760,  TPM 1039852, APM 328828, ML 68   00050                                                                                                                               
220 01/12/2009 ~ 15:19:18 ~ SCOR-CvMS 9 End - FDS 65036904, DBS 42760,  TPM 1039852, APM 328748, ML 68   00050                                                                                                                                 
221 01/12/2009 ~ 15:19:39 ~ SCOR-CvMS 9 Start - FDS 65036904, DBS 42760,  TPM 1039852, APM 328532, ML 68   00050                                                                                                                               
222 01/12/2009 ~ 15:19:52 ~ SCOR-CvMS 9 End - FDS 65021932, DBS 42760,  TPM 1039852, APM 328552, ML 68   00050                                                                                                                                 
223 01/12/2009 ~ 15:20:11 ~ SCOR-CvMS 9 Start - FDS 65021932, DBS 42760,  TPM 1039852, APM 328928, ML 68   00050                                                                                                                               
224 01/12/2009 ~ 15:20:44 ~ SCOR-CvMS 9 End - FDS 65021932, DBS 42760,  TPM 1039852, APM 320516, ML 69   00050                                                                                                                                 
225 01/12/2009 ~ 15:21:11 ~ SCOR-CvMS 9 Start - FDS 65021932, DBS 42760,  TPM 1039852, APM 328468, ML 68   00050                                                                                                                               
226 01/12/2009 ~ 15:21:45 ~ SCOR-CvMS 9 End - FDS 65022156, DBS 42760,  TPM 1039852, APM 320280, ML 69   00050                                                                                                                                 
227 01/12/2009 ~ 16:11:38 ~ Fatal Error   System Error  (#702): Database does not exist in Data subdirectory                                                                                                                                   
228 01/12/2009 ~ 16:11:38 ~ SCOR-CvMS 9 End - FDS 64697184, DBS 0,  TPM 1039852, APM 335724, ML 67                                                                                                                                             
229 01/12/2009 ~ 16:13:56 ~ SCOR-CvMS 9 Start - FDS 64697148, DBS 42760,  TPM 1039852, APM 325872, ML 68   00050                                                                                                                               
230 01/12/2009 ~ 16:17:39 ~ Error   Database Manager  (#903): Failed to Open Database Table. Table 'PATIENT' is exclusively locked by user '(unknown)' on machine 'PC39'                                                                       
231 01/12/2009 ~ 16:17:45 ~ SCOR-CvMS 9 End - FDS 64697148, DBS 42760,  TPM 1039852, APM 318668, ML 69   00050                                                                                                                                 
232 01/12/2009 ~ 16:17:50 ~ SCOR-CvMS 9 Start - FDS 64697148, DBS 42760,  TPM 1039852, APM 321392, ML 69   00050                                                                                                                               
233 01/12/2009 ~ 16:18:01 ~ Error   Database Manager  (#903): Failed to Open Database Table. Table 'PATIENT' is exclusively locked by user '(unknown)' on machine 'PC39'                                                                       
234 01/12/2009 ~ 16:18:09 ~ SCOR-CvMS 9 End - FDS 64697148, DBS 42760,  TPM 1039852, APM 321180, ML 69   00050                                                                                                                                 
235 01/12/2009 ~ 16:18:18 ~ SCOR-CvMS 9 Start - FDS 64697148, DBS 42760,  TPM 1039852, APM 324420, ML 68   00050                                                                                                                               
236 01/12/2009 ~ 16:19:47 ~ SCOR-CvMS 9 End - FDS 64697148, DBS 42760,  TPM 1039852, APM 325104, ML 68   00050                                                                                                                                 
237 01/12/2009 ~ 16:22:48 ~ Starting Database Conversion                                                                                                                                                                                       
238 01/12/2009 ~ 16:23:28 ~ Database Conversion Successful.                                                                                                                                                                                    
239 01/12/2009 ~ 16:23:35 ~ SCOR-CvMS 9 Start - FDS 64671764, DBS 13968,  TPM 1039852, APM 320560, ML 69   00050                                                                                                                               
240 01/12/2009 ~ 16:25:33 ~ SCOR-CvMS 9 End - FDS 64671764, DBS 13968,  TPM 1039852, APM 320276, ML 69   00050                                                                                                                                 
241 01/12/2009 ~ 16:26:22 ~ Starting Database Conversion                                                                                                                                                                                       
242 01/12/2009 ~ 16:28:08 ~ Database Conversion Successful.                                                                                                                                                                                    
243 01/12/2009 ~ 16:28:09 ~ SCOR-CvMS 9 Start - FDS 64621324, DBS 38802,  TPM 1039852, APM 331420, ML 68   00050                                                                                                                               
244 01/12/2009 ~ 16:31:33 ~ SCOR-CvMS 9 End - FDS 64640332, DBS 38802,  TPM 1039852, APM 326316, ML 68   00050                                                                                                                                 
245 01/12/2009 ~ 16:31:45 ~ Starting Database Conversion                                                                                                                                                                                       
246 01/12/2009 ~ 16:32:00 ~ Database Conversion Successful.                                                                                                                                                                                    
247 01/12/2009 ~ 16:32:03 ~ SCOR-CvMS 9 Start - FDS 64709732, DBS 7522,  TPM 1039852, APM 322012, ML 69   00050                                                                                                                                
248 01/12/2009 ~ 16:32:22 ~ SCOR-CvMS 9 End - FDS 64709732, DBS 7522,  TPM 1039852, APM 313460, ML 69   00050                                                                                                                                  
249 01/12/2009 ~ 17:12:04 ~ SCOR-CvMS 9 Start - FDS 64696472, DBS 42760,  TPM 1039852, APM 317872, ML 69   00050                                                                                                                               
250 01/12/2009 ~ 17:14:45 ~ SCOR-CvMS 9 End - FDS 64696472, DBS 42760,  TPM 1039852, APM 317476, ML 69   00050                                                                                                                                 
251 01/12/2009 ~ 17:14:52 ~ SCOR-CvMS 9 Start - FDS 64696472, DBS 42760,  TPM 1039852, APM 319464, ML 69   00050                                                                                                                               
252 01/12/2009 ~ 17:14:56 ~ Added Patient 340                                                                                                                                                                                                  
253 01/12/2009 ~ 17:20:37 ~ Successful PWA measurement for Patient :340, Measurement :01/12/2009 5:20:36 PM, DataRevision :130 , CaptureTime 00:00:13                                                                                          
254 01/12/2009 ~ 17:24:35 ~ SCOR-CvMS 9 End - FDS 64885364, DBS 42760,  TPM 1039852, APM 271180, ML 73   00050                                                                                                                                 
255 01/12/2009 ~ 17:24:50 ~ Error   EMR Error  (#1406): The Inbound File does not exist                                                                                                                                                        
256 01/12/2009 ~ 17:24:51 ~ Error   EMR Error  (#1407): SphygmoCor will operate in Default EMR Mode.  You must enter Patient and Study data, export results and shutdown SphygmoCor manually.  All results for this session will be exported to
257 01/12/2009 ~ 17:24:51 ~ SCOR-CvMS 9 Start - FDS 64885360, DBS 42760,  TPM 1039852, APM 287708, ML 72   00050                                                                                                                               
258 01/12/2009 ~ 17:24:58 ~ SCOR-CvMS 9 End - FDS 64885360, DBS 42760,  TPM 1039852, APM 285480, ML 72   00050                                                                                                                                 
259 01/12/2009 ~ 17:34:03 ~ SCOR-CvMS 9 Start - FDS 64885228, DBS 42760,  TPM 1039852, APM 310640, ML 70   00050                                                                                                                               
260 01/12/2009 ~ 17:34:41 ~ Successful PWA measurement for Patient :340, Measurement :01/12/2009 5:34:40 PM, DataRevision :130 , CaptureTime 00:00:16                                                                                          
261 01/12/2009 ~ 17:37:34 ~ SCOR-CvMS 9 End - FDS 64883828, DBS 42760,  TPM 1039852, APM 261472, ML 74   00050                                                                                                                                 
262 01/12/2009 ~ 17:47:28 ~ Error   EMR Error  (#1406): The Inbound File does not exist                                                                                                                                                        
263 01/12/2009 ~ 17:47:30 ~ Error   EMR Error  (#1407): SphygmoCor will operate in Default EMR Mode.  You must enter Patient and Study data, export results and shutdown SphygmoCor manually.  All results for this session will be exported to
264 01/12/2009 ~ 17:47:30 ~ SCOR-CvMS 9 Start - FDS 64883428, DBS 42760,  TPM 1039852, APM 311884, ML 70   00050                                                                                                                               
265 01/12/2009 ~ 17:49:06 ~ Added Patient 341                                                                                                                                                                                                  
266 01/12/2009 ~ 17:49:46 ~ Successful PWA measurement for Patient :341, Measurement :01/12/2009 5:49:45 PM, DataRevision :130 , CaptureTime 00:00:13                                                                                          
267 01/12/2009 ~ 17:51:41 ~ SCOR-CvMS 9 End - FDS 64882900, DBS 42766,  TPM 1039852, APM 289168, ML 72   00050                                                                                                                                 
268 02/12/2009 ~ 10:22:15 ~ Error   EMR Error  (#1406): The Inbound File does not exist                                                                                                                                                        
269 02/12/2009 ~ 10:22:16 ~ Error   EMR Error  (#1407): SphygmoCor will operate in Default EMR Mode.  You must enter Patient and Study data, export results and shutdown SphygmoCor manually.  All results for this session will be exported to
270 02/12/2009 ~ 10:22:16 ~ SCOR-CvMS 9 Start - FDS 64915760, DBS 42766,  TPM 1039852, APM 269720, ML 74   00050                                                                                                                               
271 02/12/2009 ~ 10:24:04 ~ SCOR-CvMS 9 End - FDS 64915760, DBS 42766,  TPM 1039852, APM 268744, ML 74   00050                                                                                                                                 
272 02/12/2009 ~ 10:24:45 ~ Error   EMR Error  (#1409): The Inbound File System ID does not match the SphygmoCor System Identifier of this computer.  Please check with your Clinical Administration Group                                     
273 02/12/2009 ~ 10:24:46 ~ Error   EMR Error  (#1410): The Inbound File does not contain a valid Last Name.  Please ensure the Last Name value is alphabetic only                                                                             
274 02/12/2009 ~ 10:24:47 ~ Error   EMR Error  (#1411): The Inbound File does not contain a valid First Name.  Please ensure the First Name value is alphabetic only                                                                           
275 02/12/2009 ~ 10:24:49 ~ Error   EMR Error  (#1412): The Inbound File does not contain a valid Date of Birth.  Please ensure the entered Date of Birth is in the format: dd/mm/yyyy.                                                        
276 02/12/2009 ~ 10:24:50 ~ Error   EMR Error  (#1413): The Inbound File does not contain a valid Sex.  Please ensure the entered Sex is either MALE or FEMALE.                                                                                
277 02/12/2009 ~ 10:24:51 ~ Error   EMR Error  (#1407): SphygmoCor will operate in Default EMR Mode.  You must enter Patient and Study data, export results and shutdown SphygmoCor manually.  All results for this session will be exported to
278 02/12/2009 ~ 10:24:51 ~ SCOR-CvMS 9 Start - FDS 64915756, DBS 42766,  TPM 1039852, APM 265192, ML 74   00050                                                                                                                               
279 02/12/2009 ~ 10:25:04 ~ SCOR-CvMS 9 End - FDS 64915756, DBS 42766,  TPM 1039852, APM 264836, ML 74   00050                                                                                                                                 
280 02/12/2009 ~ 10:26:15 ~ SCOR-CvMS 9 Start - FDS 64915756, DBS 42766,  TPM 1039852, APM 262964, ML 74   00050                                                                                                                               
281 02/12/2009 ~ 10:26:19 ~ Added Patient 342                                                                                                                                                                                                  
282 02/12/2009 ~ 10:27:40 ~ Successful PWA measurement for Patient :342, Measurement :02/12/2009 10:27:39 AM, DataRevision :130 , CaptureTime 00:00:14                                                                                         
283 02/12/2009 ~ 10:37:22 ~ SCOR-CvMS 9 End - FDS 64914544, DBS 42808,  TPM 1039852, APM 134196, ML 87   00050                                                                                                                                 
284 02/12/2009 ~ 10:38:21 ~ SCOR-CvMS 9 Start - FDS 64914584, DBS 42808,  TPM 1039852, APM 200164, ML 80   00050                                                                                                                               
285 02/12/2009 ~ 10:38:35 ~ SCOR-CvMS 9 End - FDS 64914584, DBS 42808,  TPM 1039852, APM 199216, ML 80   00050                                                                                                                                 
286 02/12/2009 ~ 10:40:31 ~ SCOR-CvMS 9 Start - FDS 64914584, DBS 42808,  TPM 1039852, APM 198676, ML 80   00050                                                                                                                               
287 02/12/2009 ~ 10:41:11 ~ Successful PWA measurement for Patient :313, Measurement :02/12/2009 10:41:10 AM, DataRevision :130 , CaptureTime 00:00:14                                                                                         
288 02/12/2009 ~ 10:44:33 ~ SCOR-CvMS 9 End - FDS 64913736, DBS 42848,  TPM 1039852, APM 179972, ML 82   00050                                                                                                                                 
289 02/12/2009 ~ 10:45:35 ~ SCOR-CvMS 9 Start - FDS 64913736, DBS 42848,  TPM 1039852, APM 198136, ML 80   00050                                                                                                                               
290 02/12/2009 ~ 10:46:17 ~ Successful PWA measurement for Patient :313, Measurement :02/12/2009 10:46:16 AM, DataRevision :130 , CaptureTime 00:00:13                                                                                         
291 02/12/2009 ~ 10:47:46 ~ SCOR-CvMS 9 End - FDS 64913076, DBS 42880,  TPM 1039852, APM 175892, ML 83   00050                                                                                                                                 
292 02/12/2009 ~ 10:48:36 ~ SCOR-CvMS 9 Start - FDS 64913076, DBS 42880,  TPM 1039852, APM 197552, ML 81   00050                                                                                                                               
293 02/12/2009 ~ 10:49:13 ~ Successful PWA measurement for Patient :313, Measurement :02/12/2009 10:49:12 AM, DataRevision :130 , CaptureTime 00:00:13                                                                                         
294 02/12/2009 ~ 10:50:49 ~ SCOR-CvMS 9 End - FDS 64912776, DBS 42912,  TPM 1039852, APM 152744, ML 85   00050                                                                                                                                 
295 02/12/2009 ~ 10:51:41 ~ SCOR-CvMS 9 Start - FDS 64912776, DBS 42912,  TPM 1039852, APM 169516, ML 83   00050                                                                                                                               
296 02/12/2009 ~ 10:52:40 ~ Successful PWA measurement for Patient :313, Measurement :02/12/2009 10:52:39 AM, DataRevision :130 , CaptureTime 00:00:13                                                                                         
297 02/12/2009 ~ 10:56:06 ~ SCOR-CvMS 9 End - FDS 64912500, DBS 42946,  TPM 1039852, APM 153492, ML 85   00050                                                                                                                                 
298 02/12/2009 ~ 10:57:34 ~ SCOR-CvMS 9 Start - FDS 64912532, DBS 42946,  TPM 1039852, APM 170408, ML 83   00050                                                                                                                               
299 02/12/2009 ~ 10:58:15 ~ Successful PWA measurement for Patient :313, Measurement :02/12/2009 10:58:14 AM, DataRevision :130 , CaptureTime 00:00:17                                                                                         
300 02/12/2009 ~ 10:59:22 ~ SCOR-CvMS 9 End - FDS 64912312, DBS 42978,  TPM 1039852, APM 134640, ML 87   00050                                                                                                                                 
301 02/12/2009 ~ 11:29:20 ~ SCOR-CvMS 9 (Clinical) Start - FDS 64913096, DBS 42978,  TPM 1039852, APM 189972, ML 81   00050                                                                                                                    
302 02/12/2009 ~ 11:51:08 ~ Successful PWA measurement for Patient :314, Measurement :02/12/2009 11:51:07 AM, DataRevision :130 , CaptureTime 00:00:13                                                                                         
303 02/12/2009 ~ 11:51:35 ~ Successful PWA measurement for Patient :313, Measurement :02/12/2009 11:51:34 AM, DataRevision :130 , CaptureTime 00:00:13                                                                                         
304 02/12/2009 ~ 11:54:16 ~ SCOR-CvMS 9 (Clinical) End - FDS 64912816, DBS 42998,  TPM 1039852, APM 178740, ML 82   00050                                                                                                                      
305 02/12/2009 ~ 14:22:01 ~ SCOR-CvMS 9 Start - FDS 64911944, DBS 42998,  TPM 1039852, APM 307276, ML 70   00050                                                                                                                               
306 02/12/2009 ~ 14:22:07 ~ Packing Database K:\projects\016-S2000V9\source\scor\DATA\SCOR.xyz                                                                                                                                                 
307 02/12/2009 ~ 14:26:12 ~ SCOR-CvMS 9 End - FDS 64911104, DBS 42682,  TPM 1039852, APM 301004, ML 71   00050                                                                                                                                 
308 02/12/2009 ~ 14:26:40 ~ SCOR-CvMS 9 Start - FDS 64911300, DBS 42682,  TPM 1039852, APM 304692, ML 70   00050                                                                                                                               
309 02/12/2009 ~ 14:28:00 ~ SCOR-CvMS 9 End - FDS 64911300, DBS 42682,  TPM 1039852, APM 294100, ML 71   00050                                                                                                                                 
