***  Installation Started 11/07/2005 15:49  ***
Title: SDL MathPack 8.2 for C++Builder 6
Source: K:\projects\LIBRARY\Builder6\SDLSuite82full\setup_aqasem_1052957_mathpack82_C6.exe
File Copy: K:\projects\LIBRARY\Builder6\SDLSuite82full\SDLSuite\UNWISE.EXE
RegDB Key: Software\Microsoft\Windows\CurrentVersion\Uninstall\SDL MathPack 8.2 for C++Builder 6
RegDB Val: SDL MathPack 8.2 for C++Builder 6
RegDB Name: DisplayName
RegDB Root: 2
RegDB Key: Software\Microsoft\Windows\CurrentVersion\Uninstall\SDL MathPack 8.2 for C++Builder 6
RegDB Val: K:\projects\LIBRARY\Builder6\SDLSUI~3\SDLSuite\UNWISE.EXE K:\projects\LIBRARY\Builder6\SDLSUI~3\SDLSuite\mathpack_82C6fu.log
RegDB Name: UninstallString
RegDB Root: 2
File Overwrite: K:\projects\LIBRARY\Builder6\SDLSuite82full\SDLSuite\help\sdlsuite82.hlp
Made Dir: K:\projects\LIBRARY\Builder6\SDLSuite82full\SDLSuite\mathpack
File Copy: K:\projects\LIBRARY\Builder6\SDLSuite82full\SDLSuite\mathpack\readme!.txt
Made Dir: K:\projects\LIBRARY\Builder6\SDLSuite82full\SDLSuite\mathpack\examples-C6
File Copy: K:\projects\LIBRARY\Builder6\SDLSuite82full\SDLSuite\mathpack\examples-C6\readme_example.txt
File Overwrite: K:\projects\LIBRARY\Builder6\SDLSuite82full\SDLSuite\help\bg-losoft.gif
File Overwrite: K:\projects\LIBRARY\Builder6\SDLSuite82full\SDLSuite\help\sdl_support.css
File Overwrite: K:\projects\LIBRARY\Builder6\SDLSuite82full\SDLSuite\help\sdl_banner2.jpg
File Overwrite: K:\projects\LIBRARY\Builder6\SDLSuite82full\SDLSuite\help\sdl_customer_support.html
Made Dir: K:\projects\LIBRARY\Builder6\SDLSuite82full\SDLSuite\mathpack\C6
File Copy: K:\projects\LIBRARY\Builder6\SDLSuite82full\SDLSuite\mathpack\C6\datatable.dcr
File Copy: K:\projects\LIBRARY\Builder6\SDLSuite82full\SDLSuite\mathpack\C6\datatable.dcu
File Copy: K:\projects\LIBRARY\Builder6\SDLSuite82full\SDLSuite\mathpack\C6\datatable.hpp
File Copy: K:\projects\LIBRARY\Builder6\SDLSuite82full\SDLSuite\mathpack\C6\datatable.obj
File Copy: K:\projects\LIBRARY\Builder6\SDLSuite82full\SDLSuite\mathpack\C6\fourier.dcr
File Copy: K:\projects\LIBRARY\Builder6\SDLSuite82full\SDLSuite\mathpack\C6\fourier.dcu
File Copy: K:\projects\LIBRARY\Builder6\SDLSuite82full\SDLSuite\mathpack\C6\fourier.hpp
File Copy: K:\projects\LIBRARY\Builder6\SDLSuite82full\SDLSuite\mathpack\C6\fourier.obj
File Copy: K:\projects\LIBRARY\Builder6\SDLSuite82full\SDLSuite\mathpack\C6\kohonen.dcr
File Copy: K:\projects\LIBRARY\Builder6\SDLSuite82full\SDLSuite\mathpack\C6\kohonen.dcu
File Copy: K:\projects\LIBRARY\Builder6\SDLSuite82full\SDLSuite\mathpack\C6\kohonen.hpp
File Copy: K:\projects\LIBRARY\Builder6\SDLSuite82full\SDLSuite\mathpack\C6\kohonen.obj
File Copy: K:\projects\LIBRARY\Builder6\SDLSuite82full\SDLSuite\mathpack\C6\math1.dcu
File Copy: K:\projects\LIBRARY\Builder6\SDLSuite82full\SDLSuite\mathpack\C6\math1.hpp
File Copy: K:\projects\LIBRARY\Builder6\SDLSuite82full\SDLSuite\mathpack\C6\math1.obj
File Copy: K:\projects\LIBRARY\Builder6\SDLSuite82full\SDLSuite\mathpack\C6\math2.dcr
File Copy: K:\projects\LIBRARY\Builder6\SDLSuite82full\SDLSuite\mathpack\C6\math2.dcu
File Copy: K:\projects\LIBRARY\Builder6\SDLSuite82full\SDLSuite\mathpack\C6\math2.hpp
File Copy: K:\projects\LIBRARY\Builder6\SDLSuite82full\SDLSuite\mathpack\C6\math2.obj
File Copy: K:\projects\LIBRARY\Builder6\SDLSuite82full\SDLSuite\mathpack\C6\matrix.dcr
File Copy: K:\projects\LIBRARY\Builder6\SDLSuite82full\SDLSuite\mathpack\C6\matrix.dcu
File Copy: K:\projects\LIBRARY\Builder6\SDLSuite82full\SDLSuite\mathpack\C6\matrix.hpp
File Copy: K:\projects\LIBRARY\Builder6\SDLSuite82full\SDLSuite\mathpack\C6\matrix.obj
File Copy: K:\projects\LIBRARY\Builder6\SDLSuite82full\SDLSuite\mathpack\C6\randgen.dcr
File Copy: K:\projects\LIBRARY\Builder6\SDLSuite82full\SDLSuite\mathpack\C6\sdlmathpack_82C6.BAK
File Copy: K:\projects\LIBRARY\Builder6\SDLSuite82full\SDLSuite\mathpack\C6\sdlmathpack_82C6.bpi
File Copy: K:\projects\LIBRARY\Builder6\SDLSuite82full\SDLSuite\mathpack\C6\sdlmathpack_82C6.bpl
File Copy: K:\projects\LIBRARY\Builder6\SDLSuite82full\SDLSuite\mathpack\C6\sdlmathpack_82C6.dcp
File Copy: K:\projects\LIBRARY\Builder6\SDLSuite82full\SDLSuite\mathpack\C6\sdlmathpack_82C6.dcu
File Copy: K:\projects\LIBRARY\Builder6\SDLSuite82full\SDLSuite\mathpack\C6\sdlmathpack_82C6.hpp
File Copy: K:\projects\LIBRARY\Builder6\SDLSuite82full\SDLSuite\mathpack\C6\sdlmathpack_82C6.lib
File Copy: K:\projects\LIBRARY\Builder6\SDLSuite82full\SDLSuite\mathpack\C6\statis.dcu
File Copy: K:\projects\LIBRARY\Builder6\SDLSuite82full\SDLSuite\mathpack\C6\statis.hpp
File Copy: K:\projects\LIBRARY\Builder6\SDLSuite82full\SDLSuite\mathpack\C6\statis.obj
File Copy: K:\projects\LIBRARY\Builder6\SDLSuite82full\SDLSuite\mathpack\C6\vector.dcr
File Copy: K:\projects\LIBRARY\Builder6\SDLSuite82full\SDLSuite\mathpack\C6\vector.dcu
File Copy: K:\projects\LIBRARY\Builder6\SDLSuite82full\SDLSuite\mathpack\C6\vector.hpp
File Copy: K:\projects\LIBRARY\Builder6\SDLSuite82full\SDLSuite\mathpack\C6\vector.obj
Shell Link: C:\Documents and Settings\paul.ATCORAU\Start Menu\Programs\SDL Component Suite\SDL Suite Help.lnk
Shell Link: C:\Documents and Settings\paul.ATCORAU\Desktop\SDL Suite Help.lnk
Shell Link: C:\Documents and Settings\paul.ATCORAU\Desktop\SDL Customer Support.lnk
Shell Link: C:\Documents and Settings\paul.ATCORAU\Start Menu\Programs\SDL Component Suite\SDL Customer Support.lnk
RegDB Key: Software\Borland\C++Builder\6.0\Known Packages
RegDB Val: SDL MathPack 8.2
RegDB Name: K:\projects\LIBRARY\Builder6\SDLSUI~3\SDLSuite\mathpack\C6\sdlmathpack_82C6.bpl
RegDB Root: 1
RegDB Key: Software\Borland\C++Builder\6.0\#WINREGPACKID#
RegDB Val: SDL MathPack 8.2
RegDB Name: K:\projects\LIBRARY\Builder6\SDLSUI~3\SDLSuite\mathpack\C6\sdlmathpack_82C6.#WINREGPACKEXT#
RegDB Root: 1
RegDB Key: Software\Borland\C++Builder\6.0\Library
RegDB Val: $(BCB)\Lib;$(BCB)\Bin;$(BCB)\Imports;$(BCB)\Projects\Bpl;$(BCB)\Projects\Lib;K:\projects\LIBRARY\Builder6\SDLSUI~2\basepack\C6;K:\projects\LIBRARY\Builder6\SDLSUI~2\mathpack\C6;K:\projects\LIBRARY\Builder6\SDLSUI~2\chempack\C6;K:\projects\LIBRARY\Builder6\SDLSUI~2\guipack\C6;K:\projects\LIBRARY\Builder6\SDLSUI~2\chartpack\C6;K:\projects\LIBRARY\Builder6\SDLSUI~2\geopack\C6;K:\projects\LIBRARY\Builder6\SDLSUI~3\SDLSuite\basepack\C6;K:\projects\LIBRARY\Builder6\SDLSUI~3\SDLSuite\mathpack\C6
RegDB Name: Search Path
RegDB Root: 1
RegDB Old: $(BCB)\Lib;$(BCB)\Bin;$(BCB)\Imports;$(BCB)\Projects\Bpl;$(BCB)\Projects\Lib;K:\projects\LIBRARY\Builder6\SDLSUI~2\basepack\C6;K:\projects\LIBRARY\Builder6\SDLSUI~2\mathpack\C6;K:\projects\LIBRARY\Builder6\SDLSUI~2\chempack\C6;K:\projects\LIBRARY\Builder6\SDLSUI~2\guipack\C6;K:\projects\LIBRARY\Builder6\SDLSUI~2\chartpack\C6;K:\projects\LIBRARY\Builder6\SDLSUI~2\geopack\C6;K:\projects\LIBRARY\Builder6\SDLSUI~3\SDLSuite\basepack\C6
RegDB Key: Software\Borland\C++Builder\6.0\Library .NET
RegDB Val: ;K:\projects\LIBRARY\Builder6\SDLSUI~2\basepack\C6;K:\projects\LIBRARY\Builder6\SDLSUI~2\mathpack\C6;K:\projects\LIBRARY\Builder6\SDLSUI~2\chempack\C6;K:\projects\LIBRARY\Builder6\SDLSUI~2\guipack\C6;K:\projects\LIBRARY\Builder6\SDLSUI~2\chartpack\C6;K:\projects\LIBRARY\Builder6\SDLSUI~2\geopack\C6;K:\projects\LIBRARY\Builder6\SDLSUI~3\SDLSuite\basepack\C6;K:\projects\LIBRARY\Builder6\SDLSUI~3\SDLSuite\mathpack\C6
RegDB Name: Search Path
RegDB Root: 1
RegDB Old: ;K:\projects\LIBRARY\Builder6\SDLSUI~2\basepack\C6;K:\projects\LIBRARY\Builder6\SDLSUI~2\mathpack\C6;K:\projects\LIBRARY\Builder6\SDLSUI~2\chempack\C6;K:\projects\LIBRARY\Builder6\SDLSUI~2\guipack\C6;K:\projects\LIBRARY\Builder6\SDLSUI~2\chartpack\C6;K:\projects\LIBRARY\Builder6\SDLSUI~2\geopack\C6;K:\projects\LIBRARY\Builder6\SDLSUI~3\SDLSuite\basepack\C6
