----------------------------------------
11/4/2010 8:23:34 AM	Scor application loaded successfully.

----------------------------------------
----------------------------------------
11/4/2010 8:26:27 AM	InvalidArgument=Value of '0' is not valid for 'SelectedIndex'.
Parameter name: SelectedIndex

----------------------------------------
----------------------------------------
11/4/2010 8:26:28 AM	InvalidArgument=Value of '0' is not valid for 'SelectedIndex'.
Parameter name: SelectedIndex

----------------------------------------
----------------------------------------
11/4/2010 8:26:40 AM	InvalidArgument=Value of '0' is not valid for 'SelectedIndex'.
Parameter name: SelectedIndex

----------------------------------------
----------------------------------------
11/4/2010 8:26:42 AM	InvalidArgument=Value of '0' is not valid for 'SelectedIndex'.
Parameter name: SelectedIndex

----------------------------------------
----------------------------------------
11/4/2010 8:26:52 AM	Application exited successfully.

----------------------------------------
----------------------------------------
11/4/2010 8:27:21 AM	Scor application loaded successfully.

----------------------------------------
----------------------------------------
11/4/2010 8:27:44 AM	InvalidArgument=Value of '0' is not valid for 'SelectedIndex'.
Parameter name: SelectedIndex

----------------------------------------
----------------------------------------
11/4/2010 8:27:44 AM	InvalidArgument=Value of '0' is not valid for 'SelectedIndex'.
Parameter name: SelectedIndex

----------------------------------------
----------------------------------------
11/4/2010 8:28:03 AM	Application exited successfully.

----------------------------------------
----------------------------------------
11/4/2010 8:28:55 AM	Scor application loaded successfully.

----------------------------------------
----------------------------------------
11/4/2010 8:50:11 AM	Application exited successfully.

----------------------------------------
----------------------------------------
11/4/2010 8:58:07 AM	Scor application loaded successfully.

----------------------------------------
----------------------------------------
11/4/2010 8:58:36 AM	Application exited successfully.

----------------------------------------
----------------------------------------
11/4/2010 8:59:40 AM	Scor application loaded successfully.

----------------------------------------
----------------------------------------
11/4/2010 9:00:06 AM	Application exited successfully.

----------------------------------------
----------------------------------------
11/4/2010 9:00:40 AM	Scor application loaded successfully.

----------------------------------------
----------------------------------------
11/4/2010 9:01:07 AM	Application exited successfully.

----------------------------------------
----------------------------------------
11/4/2010 9:02:58 AM	Scor application loaded successfully.

----------------------------------------
----------------------------------------
11/4/2010 9:23:10 AM	Application exited successfully.

----------------------------------------
----------------------------------------
11/4/2010 9:34:03 AM	Scor application loaded successfully.

----------------------------------------
----------------------------------------
11/4/2010 9:34:53 AM	Application exited successfully.

----------------------------------------
----------------------------------------
11/4/2010 9:36:06 AM	Scor application loaded successfully.

----------------------------------------
----------------------------------------
11/4/2010 9:42:52 AM	Application exited successfully.

----------------------------------------
----------------------------------------
11/4/2010 9:43:33 AM	Scor application loaded successfully.

----------------------------------------
----------------------------------------
11/4/2010 9:43:50 AM	Application exited successfully.

----------------------------------------
----------------------------------------
11/4/2010 9:44:35 AM	Scor application loaded successfully.

----------------------------------------
----------------------------------------
11/4/2010 9:47:03 AM	Application exited successfully.

----------------------------------------
----------------------------------------
11/4/2010 9:47:28 AM	Scor application loaded successfully.

----------------------------------------
----------------------------------------
11/4/2010 10:09:25 AM	Application exited successfully.

----------------------------------------
----------------------------------------
11/4/2010 12:35:29 PM	Scor application loaded successfully.

----------------------------------------
----------------------------------------
11/4/2010 12:35:49 PM	Exception of type 'AtCor.Scor.CrossCutting.CrxException' was thrown.

----------------------------------------
----------------------------------------
11/4/2010 12:35:52 PM	Exception of type 'AtCor.Scor.CrossCutting.CrxException' was thrown.

----------------------------------------
----------------------------------------
11/4/2010 12:36:15 PM	Application exited successfully.

----------------------------------------
----------------------------------------
11/4/2010 12:43:28 PM	Scor application loaded successfully.

----------------------------------------
----------------------------------------
11/4/2010 12:43:37 PM	Exception of type 'AtCor.Scor.CrossCutting.CrxException' was thrown.

----------------------------------------
----------------------------------------
11/4/2010 12:43:41 PM	Exception of type 'AtCor.Scor.CrossCutting.CrxException' was thrown.

----------------------------------------
----------------------------------------
11/4/2010 12:43:45 PM	Exception of type 'AtCor.Scor.CrossCutting.CrxException' was thrown.

----------------------------------------
----------------------------------------
11/4/2010 12:44:01 PM	Exception of type 'AtCor.Scor.CrossCutting.CrxException' was thrown.

----------------------------------------
----------------------------------------
11/4/2010 12:44:03 PM	Application exited successfully.

----------------------------------------
----------------------------------------
11/4/2010 12:46:29 PM	Scor application loaded successfully.

----------------------------------------
----------------------------------------
11/4/2010 12:46:43 PM	Exception of type 'AtCor.Scor.CrossCutting.CrxException' was thrown.

----------------------------------------
----------------------------------------
11/4/2010 12:47:31 PM	Exception of type 'AtCor.Scor.CrossCutting.CrxException' was thrown.

----------------------------------------
----------------------------------------
11/4/2010 12:47:32 PM	Application exited successfully.

----------------------------------------
----------------------------------------
11/4/2010 12:48:04 PM	Scor application loaded successfully.

----------------------------------------
----------------------------------------
11/4/2010 12:52:32 PM	Scor application loaded successfully.

----------------------------------------
----------------------------------------
11/4/2010 12:53:09 PM	Object reference not set to an instance of an object.

----------------------------------------
----------------------------------------
11/4/2010 12:53:12 PM	Application exited successfully.

----------------------------------------
----------------------------------------
11/4/2010 12:53:52 PM	Scor application loaded successfully.

----------------------------------------
----------------------------------------
11/4/2010 12:55:47 PM	Scor application loaded successfully.

----------------------------------------
----------------------------------------
11/4/2010 12:56:26 PM	Application exited successfully.

----------------------------------------
----------------------------------------
11/5/2010 3:48:41 PM	Could not load file or assembly 'System.Windows.Forms.DataVisualization, Version=3.5.0.0, Culture=neutral, PublicKeyToken=31bf3856ad364e35' or one of its dependencies. The system cannot find the file specified.

----------------------------------------
----------------------------------------
11/5/2010 5:19:16 PM	Scor application loaded successfully.

----------------------------------------
----------------------------------------
11/5/2010 5:19:19 PM	The device is not ready.


----------------------------------------
----------------------------------------
11/5/2010 5:19:19 PM	C:\Documents and Settings\Nitesh.chhedda\My Documents\My Pictures\moon.jpg

----------------------------------------
----------------------------------------
11/5/2010 5:20:23 PM	Scor application loaded successfully.

----------------------------------------
----------------------------------------
11/5/2010 5:20:44 PM	Scor application loaded successfully.

----------------------------------------
----------------------------------------
11/5/2010 5:22:40 PM	Application exited successfully.

----------------------------------------
