 07/01/2011 ~ 19:03:46.441 ~ Line SphygmoCor Log File ~ 1/7/2011 ~ 19:03:46

1 07/01/2011 ~ 19:03:46.473 ~ check for instance

2 07/01/2011 ~ 19:03:46.598 ~ instances = 1

3 07/01/2011 ~ 19:03:46.598 ~ scor loading.......

4 07/01/2011 ~ 19:03:46.801 ~ Connection established succesfully with serverMUM-9638\SQLEXPRESS

5 07/01/2011 ~ 19:03:52.592 ~ Exception of type 'AtCor.Scor.CrossCutting.CrxException' was thrown.

6 07/01/2011 ~ 19:03:52.623 ~ Scor application loaded successfully.

7 07/01/2011 ~ 19:03:56.614 ~ Exception of type 'AtCor.Scor.CrossCutting.CrxException' was thrown.

8 07/01/2011 ~ 19:03:57.992 ~ Loading Capture Form

9 07/01/2011 ~ 19:03:58.007 ~ Reading Configuration Settings

10 07/01/2011 ~ 19:03:58.023 ~ Subscribing to Events

11 07/01/2011 ~ 19:03:58.148 ~ Capture Form Loading DONE

12 07/01/2011 ~ 19:03:58.226 ~ Module active

13 07/01/2011 ~ 19:03:59.072 ~ Inflated Cuff

14 07/01/2011 ~ 19:03:59.072 ~ Inflated Cuff - args.countDownTimerValue = 30000

15 07/01/2011 ~ 19:03:59.197 ~ Progress Bar Value = 48

16 07/01/2011 ~ 19:03:59.447 ~ Progress Bar Value = 304

17 07/01/2011 ~ 19:03:59.698 ~ Progress Bar Value = 560

18 07/01/2011 ~ 19:03:59.948 ~ Progress Bar Value = 816

19 07/01/2011 ~ 19:04:00.198 ~ Progress Bar Value = 1072

20 07/01/2011 ~ 19:04:00.449 ~ Progress Bar Value = 1328

21 07/01/2011 ~ 19:04:00.699 ~ Progress Bar Value = 1584

22 07/01/2011 ~ 19:04:00.950 ~ Progress Bar Value = 1840

23 07/01/2011 ~ 19:04:01.200 ~ Progress Bar Value = 2096

24 07/01/2011 ~ 19:04:01.451 ~ Progress Bar Value = 2352

25 07/01/2011 ~ 19:04:01.701 ~ Progress Bar Value = 2608

26 07/01/2011 ~ 19:04:01.951 ~ Progress Bar Value = 2864

27 07/01/2011 ~ 19:04:02.092 ~ Method getting called.

28 07/01/2011 ~ 19:04:02.202 ~ Progress Bar Value = 3120

29 07/01/2011 ~ 19:04:02.452 ~ Progress Bar Value = 3376

30 07/01/2011 ~ 19:04:02.703 ~ Progress Bar Value = 3632

31 07/01/2011 ~ 19:04:02.953 ~ Progress Bar Value = 3888

32 07/01/2011 ~ 19:04:03.203 ~ Progress Bar Value = 4144

33 07/01/2011 ~ 19:04:03.454 ~ Progress Bar Value = 4400

34 07/01/2011 ~ 19:04:03.704 ~ Progress Bar Value = 4656

35 07/01/2011 ~ 19:04:03.955 ~ Progress Bar Value = 4912

36 07/01/2011 ~ 19:04:04.205 ~ Progress Bar Value = 5168

37 07/01/2011 ~ 19:04:04.456 ~ Progress Bar Value = 5424

38 07/01/2011 ~ 19:04:04.706 ~ Progress Bar Value = 5680

39 07/01/2011 ~ 19:04:05.238 ~ Stop PWV capture

40 13/01/2011 ~ 14:31:02.513 ~ check for instance

41 13/01/2011 ~ 14:31:02.603 ~ instances = 1

42 13/01/2011 ~ 14:31:02.603 ~ scor loading.......

43 13/01/2011 ~ 14:31:19.414 ~ Failed to establish connection with serverMUM-9638\SQLEXPRESS

44 13/01/2011 ~ 14:31:19.555 ~ Connection failed with serverMUM-9638\SQLEXPRESS

45 13/01/2011 ~ 14:31:33.080 ~ Connection established succesfully with serverPC48\SQLEXPRESS

46 13/01/2011 ~ 14:31:35.428 ~ Scor application loaded successfully.

47 13/01/2011 ~ 14:31:58.465 ~ check for instance

48 13/01/2011 ~ 14:31:58.542 ~ instances = 1

49 13/01/2011 ~ 14:31:58.542 ~ scor loading.......

50 13/01/2011 ~ 14:31:58.739 ~ Connection established succesfully with serverPC48\SQLEXPRESS

51 13/01/2011 ~ 14:32:00.227 ~ Scor application loaded successfully.

52 13/01/2011 ~ 14:33:38.178 ~ check for instance

53 13/01/2011 ~ 14:33:38.255 ~ instances = 1

54 13/01/2011 ~ 14:33:38.256 ~ scor loading.......

55 13/01/2011 ~ 14:33:38.403 ~ Connection established succesfully with serverPC48\SQLEXPRESS

56 13/01/2011 ~ 14:33:40.163 ~ Scor application loaded successfully.

57 13/01/2011 ~ 14:43:48.553 ~ check for instance

58 13/01/2011 ~ 14:43:48.632 ~ instances = 1

59 13/01/2011 ~ 14:43:48.633 ~ scor loading.......

60 13/01/2011 ~ 14:43:48.776 ~ Connection established succesfully with serverPC48\SQLEXPRESS

61 13/01/2011 ~ 14:43:50.544 ~ Scor application loaded successfully.

62 13/01/2011 ~ 14:44:58.194 ~ check for instance

63 13/01/2011 ~ 14:44:58.270 ~ instances = 1

64 13/01/2011 ~ 14:44:58.270 ~ scor loading.......

65 13/01/2011 ~ 14:44:58.406 ~ Connection established succesfully with serverPC48\SQLEXPRESS

66 13/01/2011 ~ 14:45:00.114 ~ Scor application loaded successfully.

