----------------------------------------
10/14/2010 10:38:18 AM	Scor application loaded successfully.

----------------------------------------
----------------------------------------
10/14/2010 10:46:02 AM	Application exited successfully.

----------------------------------------
----------------------------------------
10/14/2010 10:46:37 AM	Scor configuration file does not exist.

----------------------------------------
----------------------------------------
10/14/2010 10:47:19 AM	Scor configuration file does not exist.

----------------------------------------
----------------------------------------
10/14/2010 10:50:21 AM	Scor application loaded successfully.

----------------------------------------
----------------------------------------
10/14/2010 11:23:18 AM	Application exited successfully.

----------------------------------------
----------------------------------------
10/14/2010 11:27:28 AM	Scor configuration file is corrupted.

----------------------------------------
----------------------------------------
10/14/2010 11:30:00 AM	Scor application loaded successfully.

----------------------------------------
----------------------------------------
10/14/2010 11:45:19 AM	Application exited successfully.

----------------------------------------
----------------------------------------
10/14/2010 11:47:41 AM	Scor application loaded successfully.

----------------------------------------
----------------------------------------
10/14/2010 11:48:03 AM	Application exited successfully.

----------------------------------------
----------------------------------------
10/14/2010 4:28:13 PM	Scor application loaded successfully.

----------------------------------------
----------------------------------------
10/14/2010 4:29:08 PM	Scor configuration file does not exist.

----------------------------------------
----------------------------------------
10/14/2010 4:29:12 PM	Application exited successfully.

----------------------------------------
----------------------------------------
10/14/2010 4:29:32 PM	Scor application loaded successfully.

----------------------------------------
----------------------------------------
10/14/2010 4:29:52 PM	Application exited successfully.

----------------------------------------
----------------------------------------
19/10/2010 4:47:51 PM	Scor application loaded successfully.

----------------------------------------
----------------------------------------
19/10/2010 4:48:09 PM	C:\Documents and Settings\Nitesh.chhedda\My Documents\My Pictures\moon.jpg

----------------------------------------
----------------------------------------
19/10/2010 4:48:19 PM	Application exited successfully.

----------------------------------------
----------------------------------------
19/10/2010 5:09:14 PM	Scor application loaded successfully.

----------------------------------------
----------------------------------------
19/10/2010 5:09:20 PM	Application exited successfully.

----------------------------------------
----------------------------------------
25/10/2010 3:40:21 PM	Scor application loaded successfully.

----------------------------------------
----------------------------------------
25/10/2010 3:40:50 PM	Application exited successfully.

----------------------------------------
----------------------------------------
25/10/2010 4:30:58 PM	Scor application loaded successfully.

----------------------------------------
----------------------------------------
25/10/2010 4:31:08 PM	Application exited successfully.

----------------------------------------
----------------------------------------
25/10/2010 4:40:32 PM	Scor application loaded successfully.

----------------------------------------
----------------------------------------
25/10/2010 4:40:53 PM	Application exited successfully.

----------------------------------------
----------------------------------------
25/10/2010 5:00:06 PM	Scor application loaded successfully.

----------------------------------------
----------------------------------------
25/10/2010 5:00:32 PM	Application exited successfully.

----------------------------------------
----------------------------------------
25/10/2010 5:28:26 PM	Scor application loaded successfully.

----------------------------------------
----------------------------------------
25/10/2010 5:28:35 PM	Application exited successfully.

----------------------------------------
----------------------------------------
25/10/2010 6:02:02 PM	Scor application loaded successfully.

----------------------------------------
----------------------------------------
25/10/2010 6:02:14 PM	Application exited successfully.

----------------------------------------
----------------------------------------
27/10/2010 4:32:00 PM	Scor application loaded successfully.

----------------------------------------
----------------------------------------
27/10/2010 4:32:12 PM	Application exited successfully.

----------------------------------------
----------------------------------------
27/10/2010 4:37:33 PM	Scor application loaded successfully.

----------------------------------------
----------------------------------------
27/10/2010 4:37:45 PM	Application exited successfully.

----------------------------------------
----------------------------------------
27/10/2010 5:07:45 PM	Scor application loaded successfully.

----------------------------------------
----------------------------------------
27/10/2010 5:08:06 PM	Application exited successfully.

----------------------------------------
----------------------------------------
27/10/2010 5:12:28 PM	Scor application loaded successfully.

----------------------------------------
----------------------------------------
27/10/2010 5:14:00 PM	Scor application loaded successfully.

----------------------------------------
----------------------------------------
27/10/2010 5:16:23 PM	Scor application loaded successfully.

----------------------------------------
----------------------------------------
27/10/2010 5:19:25 PM	Scor application loaded successfully.

----------------------------------------
----------------------------------------
27/10/2010 5:37:16 PM	Scor application loaded successfully.

----------------------------------------
----------------------------------------
27/10/2010 5:39:13 PM	Scor application loaded successfully.

----------------------------------------
----------------------------------------
27/10/2010 5:41:33 PM	Scor application loaded successfully.

----------------------------------------
----------------------------------------
27/10/2010 5:45:21 PM	Scor application loaded successfully.

----------------------------------------
----------------------------------------
27/10/2010 5:48:24 PM	Scor application loaded successfully.

----------------------------------------
----------------------------------------
27/10/2010 5:48:58 PM	Scor application loaded successfully.

----------------------------------------
----------------------------------------
27/10/2010 5:49:22 PM	Scor application loaded successfully.

----------------------------------------
----------------------------------------
27/10/2010 5:49:51 PM	Scor application loaded successfully.

----------------------------------------
----------------------------------------
27/10/2010 5:50:50 PM	Application exited successfully.

----------------------------------------
----------------------------------------
27/10/2010 5:53:43 PM	Scor application loaded successfully.

----------------------------------------
----------------------------------------
27/10/2010 5:54:11 PM	Application exited successfully.

----------------------------------------
----------------------------------------
27/10/2010 5:57:33 PM	Scor application loaded successfully.

----------------------------------------
----------------------------------------
27/10/2010 5:58:15 PM	Application exited successfully.

----------------------------------------
----------------------------------------
27/10/2010 5:58:31 PM	Scor application loaded successfully.

----------------------------------------
----------------------------------------
27/10/2010 6:04:10 PM	Scor application loaded successfully.

----------------------------------------
----------------------------------------
27/10/2010 6:05:20 PM	Application exited successfully.

----------------------------------------
----------------------------------------
28/10/2010 10:47:10 AM	Scor application loaded successfully.

----------------------------------------
----------------------------------------
28/10/2010 10:49:55 AM	Scor application loaded successfully.

----------------------------------------
----------------------------------------
28/10/2010 10:51:48 AM	Scor application loaded successfully.

----------------------------------------
----------------------------------------
28/10/2010 10:52:27 AM	Scor application loaded successfully.

----------------------------------------
----------------------------------------
28/10/2010 10:55:03 AM	Scor application loaded successfully.

----------------------------------------
----------------------------------------
28/10/2010 4:55:22 PM	Scor application loaded successfully.

----------------------------------------
----------------------------------------
28/10/2010 4:57:51 PM	Application exited successfully.

----------------------------------------
----------------------------------------
28/10/2010 4:58:52 PM	Scor application loaded successfully.

----------------------------------------
----------------------------------------
28/10/2010 5:09:15 PM	Application exited successfully.

----------------------------------------
----------------------------------------
28/10/2010 5:58:54 PM	Scor application loaded successfully.

----------------------------------------
----------------------------------------
28/10/2010 5:59:13 PM	Application exited successfully.

----------------------------------------
----------------------------------------
28/10/2010 5:59:41 PM	Scor application loaded successfully.

----------------------------------------
----------------------------------------
28/10/2010 6:00:02 PM	Application exited successfully.

----------------------------------------
----------------------------------------
28/10/2010 6:00:56 PM	Scor application loaded successfully.

----------------------------------------
----------------------------------------
28/10/2010 6:02:06 PM	Application exited successfully.

----------------------------------------
----------------------------------------
28/10/2010 6:42:37 PM	Scor application loaded successfully.

----------------------------------------
----------------------------------------
28/10/2010 6:44:32 PM	Application exited successfully.

----------------------------------------
----------------------------------------
28/10/2010 6:48:51 PM	Scor application loaded successfully.

----------------------------------------
----------------------------------------
28/10/2010 6:49:05 PM	Application exited successfully.

----------------------------------------
----------------------------------------
28/10/2010 6:50:48 PM	Scor application loaded successfully.

----------------------------------------
----------------------------------------
28/10/2010 6:52:14 PM	Scor application loaded successfully.

----------------------------------------
----------------------------------------
28/10/2010 6:53:55 PM	Scor application loaded successfully.

----------------------------------------
----------------------------------------
28/10/2010 7:07:45 PM	Scor application loaded successfully.

----------------------------------------
----------------------------------------
28/10/2010 7:08:29 PM	Application exited successfully.

----------------------------------------
----------------------------------------
29/10/2010 10:36:08 AM	Scor application loaded successfully.

----------------------------------------
----------------------------------------
29/10/2010 10:38:34 AM	Application exited successfully.

----------------------------------------
----------------------------------------
29/10/2010 4:34:04 PM	Scor application loaded successfully.

----------------------------------------
----------------------------------------
29/10/2010 4:34:29 PM	Application exited successfully.

----------------------------------------
----------------------------------------
29/10/2010 6:18:23 PM	Scor application loaded successfully.

----------------------------------------
----------------------------------------
29/10/2010 6:19:27 PM	Application exited successfully.

----------------------------------------
----------------------------------------
29/10/2010 6:27:54 PM	Scor application loaded successfully.

----------------------------------------
----------------------------------------
29/10/2010 6:29:23 PM	Application exited successfully.

----------------------------------------
----------------------------------------
29/10/2010 6:37:35 PM	Scor application loaded successfully.

----------------------------------------
----------------------------------------
29/10/2010 6:37:54 PM	Application exited successfully.

----------------------------------------
