----------------------------------------
19/11/2010 6:24:10 PM	Scor application loaded successfully.

----------------------------------------
----------------------------------------
19/11/2010 6:24:12 PM	Start PWV capture

----------------------------------------
----------------------------------------
19/11/2010 6:24:12 PM	PWV current patient:
patientId= firstName= lastName= groupStudyId= dob=1/01/1900 gender=

----------------------------------------
----------------------------------------
19/11/2010 6:24:12 PM	PWV measurement data:
h(cm)=9999 w(kg)=9999 h(in)=9999 w(lb)=9999 op= notes= SP=9999 DP=9999 MP=9999 carotid=9999 cuff=9999 femoral2cuff=200 pwv distance=9999

----------------------------------------
----------------------------------------
19/11/2010 6:24:12 PM	Module active

----------------------------------------
----------------------------------------
19/11/2010 6:24:25 PM	Application exited successfully.

----------------------------------------
----------------------------------------
22/11/2010 1:36:37 PM	Scor application loaded successfully.

----------------------------------------
----------------------------------------
22/11/2010 1:36:41 PM	The device is not ready.


----------------------------------------
----------------------------------------
22/11/2010 1:36:47 PM	Start PWV capture

----------------------------------------
----------------------------------------
22/11/2010 1:36:47 PM	PWV current patient:
patientId= firstName= lastName= groupStudyId= dob=1/01/1900 gender=

----------------------------------------
----------------------------------------
22/11/2010 1:36:47 PM	PWV measurement data:
h(cm)=9999 w(kg)=9999 h(in)=9999 w(lb)=9999 op= notes= SP=9999 DP=9999 MP=9999 carotid=9999 cuff=9999 femoral2cuff=200 pwv distance=9999

----------------------------------------
----------------------------------------
22/11/2010 1:36:47 PM	Module active

----------------------------------------
----------------------------------------
22/11/2010 1:37:25 PM	Application exited successfully.

----------------------------------------
----------------------------------------
23/11/2010 3:38:52 PM	Scor application loaded successfully.

----------------------------------------
----------------------------------------
23/11/2010 3:38:57 PM	The device is not ready.


----------------------------------------
----------------------------------------
23/11/2010 3:39:51 PM	Start PWV capture

----------------------------------------
----------------------------------------
23/11/2010 3:39:51 PM	PWV current patient:
patientId= firstName= lastName= groupStudyId= dob=1/01/1900 gender=

----------------------------------------
----------------------------------------
23/11/2010 3:39:51 PM	PWV measurement data:
h(cm)=9999 w(kg)=9999 h(in)=9999 w(lb)=9999 op= notes= SP=9999 DP=9999 MP=9999 carotid=9999 cuff=9999 femoral2cuff=200 pwv distance=9999

----------------------------------------
----------------------------------------
23/11/2010 3:39:51 PM	Module active

----------------------------------------
----------------------------------------
23/11/2010 3:41:23 PM	Application exited successfully.

----------------------------------------
