----------------------------------------
10/14/2010 10:38:18 AM	Scor application loaded successfully.

----------------------------------------
----------------------------------------
10/14/2010 10:46:02 AM	Application exited successfully.

----------------------------------------
----------------------------------------
10/14/2010 10:46:37 AM	Scor configuration file does not exist.

----------------------------------------
----------------------------------------
10/14/2010 10:47:19 AM	Scor configuration file does not exist.

----------------------------------------
----------------------------------------
10/14/2010 10:50:21 AM	Scor application loaded successfully.

----------------------------------------
----------------------------------------
10/14/2010 11:23:18 AM	Application exited successfully.

----------------------------------------
----------------------------------------
10/14/2010 11:27:28 AM	Scor configuration file is corrupted.

----------------------------------------
----------------------------------------
10/14/2010 11:30:00 AM	Scor application loaded successfully.

----------------------------------------
----------------------------------------
10/14/2010 11:45:19 AM	Application exited successfully.

----------------------------------------
----------------------------------------
10/14/2010 11:47:41 AM	Scor application loaded successfully.

----------------------------------------
----------------------------------------
10/14/2010 11:48:03 AM	Application exited successfully.

----------------------------------------
----------------------------------------
10/14/2010 4:28:13 PM	Scor application loaded successfully.

----------------------------------------
----------------------------------------
10/14/2010 4:29:08 PM	Scor configuration file does not exist.

----------------------------------------
----------------------------------------
10/14/2010 4:29:12 PM	Application exited successfully.

----------------------------------------
----------------------------------------
10/14/2010 4:29:32 PM	Scor application loaded successfully.

----------------------------------------
----------------------------------------
10/14/2010 4:29:52 PM	Application exited successfully.

----------------------------------------
